mode: set
github.com/bittensor-lab/btsigner/cmd/btclient/main.go:13.13,38.16 18 0
github.com/bittensor-lab/btsigner/cmd/btclient/main.go:38.16,41.3 2 0
github.com/bittensor-lab/btsigner/cmd/btclient/main.go:42.2,47.19 3 0
github.com/bittensor-lab/btsigner/cmd/btclient/main.go:47.19,49.17 2 0
github.com/bittensor-lab/btsigner/cmd/btclient/main.go:49.17,52.4 2 0
github.com/bittensor-lab/btsigner/cmd/btclient/main.go:54.3,55.45 2 0
github.com/bittensor-lab/btsigner/cmd/btclient/main.go:56.8,56.24 1 0
github.com/bittensor-lab/btsigner/cmd/btclient/main.go:56.24,58.17 2 0
github.com/bittensor-lab/btsigner/cmd/btclient/main.go:58.17,61.4 2 0
github.com/bittensor-lab/btsigner/cmd/btclient/main.go:63.3,64.19 2 0
github.com/bittensor-lab/btsigner/cmd/btclient/main.go:64.19,67.18 2 0
github.com/bittensor-lab/btsigner/cmd/btclient/main.go:67.18,70.5 2 0
github.com/bittensor-lab/btsigner/cmd/btclient/main.go:71.4,71.48 1 0
github.com/bittensor-lab/btsigner/cmd/btclient/main.go:72.9,75.18 2 0
github.com/bittensor-lab/btsigner/cmd/btclient/main.go:75.18,78.5 2 0
github.com/bittensor-lab/btsigner/cmd/btclient/main.go:81.3,81.43 1 0
github.com/bittensor-lab/btsigner/cmd/btclient/main.go:82.8,82.20 1 0
github.com/bittensor-lab/btsigner/cmd/btclient/main.go:82.20,83.44 1 0
github.com/bittensor-lab/btsigner/cmd/btclient/main.go:83.44,86.4 2 0
github.com/bittensor-lab/btsigner/cmd/btclient/main.go:88.3,88.35 1 0
github.com/bittensor-lab/btsigner/cmd/btclient/main.go:89.8,92.3 2 0
github.com/bittensor-lab/btsigner/cmd/btsigner/main.go:18.13,32.16 11 0
github.com/bittensor-lab/btsigner/cmd/btsigner/main.go:32.16,35.3 2 0
github.com/bittensor-lab/btsigner/cmd/btsigner/main.go:36.2,40.16 3 0
github.com/bittensor-lab/btsigner/cmd/btsigner/main.go:40.16,42.3 1 0
github.com/bittensor-lab/btsigner/cmd/btsigner/main.go:45.2,45.20 1 0
github.com/bittensor-lab/btsigner/cmd/btsigner/main.go:45.20,47.3 1 0
github.com/bittensor-lab/btsigner/cmd/btsigner/main.go:49.2,52.25 2 0
github.com/bittensor-lab/btsigner/cmd/btsigner/main.go:52.25,55.17 2 0
github.com/bittensor-lab/btsigner/cmd/btsigner/main.go:55.17,57.4 1 0
github.com/bittensor-lab/btsigner/cmd/btsigner/main.go:60.3,60.14 1 0
github.com/bittensor-lab/btsigner/cmd/btsigner/main.go:60.14,61.20 1 0
github.com/bittensor-lab/btsigner/cmd/btsigner/main.go:61.20,63.5 1 0
github.com/bittensor-lab/btsigner/cmd/btsigner/main.go:65.4,68.72 2 0
github.com/bittensor-lab/btsigner/cmd/btsigner/main.go:68.72,72.95 2 0
github.com/bittensor-lab/btsigner/cmd/btsigner/main.go:72.95,74.6 1 0
github.com/bittensor-lab/btsigner/cmd/btsigner/main.go:74.11,76.6 1 0
github.com/bittensor-lab/btsigner/cmd/btsigner/main.go:77.10,81.19 3 0
github.com/bittensor-lab/btsigner/cmd/btsigner/main.go:81.19,83.6 1 0
github.com/bittensor-lab/btsigner/cmd/btsigner/main.go:84.5,88.19 4 0
github.com/bittensor-lab/btsigner/cmd/btsigner/main.go:88.19,90.6 1 0
github.com/bittensor-lab/btsigner/cmd/btsigner/main.go:91.5,91.18 1 0
github.com/bittensor-lab/btsigner/cmd/btsigner/main.go:94.4,94.51 1 0
github.com/bittensor-lab/btsigner/cmd/btsigner/main.go:94.51,96.5 1 0
github.com/bittensor-lab/btsigner/cmd/btsigner/main.go:98.4,99.18 2 0
github.com/bittensor-lab/btsigner/cmd/btsigner/main.go:99.18,103.5 1 0
github.com/bittensor-lab/btsigner/cmd/btsigner/main.go:105.4,106.18 2 0
github.com/bittensor-lab/btsigner/cmd/btsigner/main.go:106.18,110.5 1 0
github.com/bittensor-lab/btsigner/cmd/btsigner/main.go:112.4,116.10 2 0
github.com/bittensor-lab/btsigner/cmd/btsigner/main.go:120.3,120.19 1 0
github.com/bittensor-lab/btsigner/cmd/btsigner/main.go:120.19,124.72 2 0
github.com/bittensor-lab/btsigner/cmd/btsigner/main.go:124.72,126.5 1 0
github.com/bittensor-lab/btsigner/cmd/btsigner/main.go:126.10,130.19 3 0
github.com/bittensor-lab/btsigner/cmd/btsigner/main.go:130.19,132.6 1 0
github.com/bittensor-lab/btsigner/cmd/btsigner/main.go:133.5,133.18 1 0
github.com/bittensor-lab/btsigner/cmd/btsigner/main.go:136.4,137.18 2 0
github.com/bittensor-lab/btsigner/cmd/btsigner/main.go:137.18,141.5 1 0
github.com/bittensor-lab/btsigner/cmd/btsigner/main.go:143.4,146.17 2 0
github.com/bittensor-lab/btsigner/cmd/btsigner/main.go:146.17,148.19 2 0
github.com/bittensor-lab/btsigner/cmd/btsigner/main.go:148.19,152.6 1 0
github.com/bittensor-lab/btsigner/cmd/btsigner/main.go:154.5,156.11 3 0
github.com/bittensor-lab/btsigner/cmd/btsigner/main.go:158.9,161.24 2 0
github.com/bittensor-lab/btsigner/cmd/btsigner/main.go:161.24,163.5 1 0
github.com/bittensor-lab/btsigner/cmd/btsigner/main.go:165.4,166.30 2 0
github.com/bittensor-lab/btsigner/cmd/btsigner/main.go:166.30,168.5 1 0
github.com/bittensor-lab/btsigner/cmd/btsigner/main.go:170.4,177.72 5 0
github.com/bittensor-lab/btsigner/cmd/btsigner/main.go:177.72,179.5 1 0
github.com/bittensor-lab/btsigner/cmd/btsigner/main.go:179.10,183.19 3 0
github.com/bittensor-lab/btsigner/cmd/btsigner/main.go:183.19,185.6 1 0
github.com/bittensor-lab/btsigner/cmd/btsigner/main.go:186.5,186.18 1 0
github.com/bittensor-lab/btsigner/cmd/btsigner/main.go:189.4,190.18 2 0
github.com/bittensor-lab/btsigner/cmd/btsigner/main.go:190.18,194.5 1 0
github.com/bittensor-lab/btsigner/cmd/btsigner/main.go:196.4,196.49 1 0
github.com/bittensor-lab/btsigner/cmd/btsigner/main.go:199.3,199.30 1 0
github.com/bittensor-lab/btsigner/cmd/btsigner/main.go:200.8,203.14 1 0
github.com/bittensor-lab/btsigner/cmd/btsigner/main.go:203.14,207.72 2 0
github.com/bittensor-lab/btsigner/cmd/btsigner/main.go:207.72,211.95 2 0
github.com/bittensor-lab/btsigner/cmd/btsigner/main.go:211.95,213.6 1 0
github.com/bittensor-lab/btsigner/cmd/btsigner/main.go:213.11,215.6 1 0
github.com/bittensor-lab/btsigner/cmd/btsigner/main.go:216.10,220.19 3 0
github.com/bittensor-lab/btsigner/cmd/btsigner/main.go:220.19,222.6 1 0
github.com/bittensor-lab/btsigner/cmd/btsigner/main.go:223.5,227.19 4 0
github.com/bittensor-lab/btsigner/cmd/btsigner/main.go:227.19,229.6 1 0
github.com/bittensor-lab/btsigner/cmd/btsigner/main.go:230.5,230.18 1 0
github.com/bittensor-lab/btsigner/cmd/btsigner/main.go:233.4,233.51 1 0
github.com/bittensor-lab/btsigner/cmd/btsigner/main.go:233.51,235.5 1 0
github.com/bittensor-lab/btsigner/cmd/btsigner/main.go:237.4,238.18 2 0
github.com/bittensor-lab/btsigner/cmd/btsigner/main.go:238.18,240.5 1 0
github.com/bittensor-lab/btsigner/cmd/btsigner/main.go:242.4,244.18 3 0
github.com/bittensor-lab/btsigner/cmd/btsigner/main.go:244.18,246.5 1 0
github.com/bittensor-lab/btsigner/cmd/btsigner/main.go:248.4,252.10 2 0
github.com/bittensor-lab/btsigner/cmd/btsigner/main.go:256.3,259.71 2 0
github.com/bittensor-lab/btsigner/cmd/btsigner/main.go:259.71,261.4 1 0
github.com/bittensor-lab/btsigner/cmd/btsigner/main.go:261.9,265.18 3 0
github.com/bittensor-lab/btsigner/cmd/btsigner/main.go:265.18,267.5 1 0
github.com/bittensor-lab/btsigner/cmd/btsigner/main.go:268.4,268.17 1 0
github.com/bittensor-lab/btsigner/cmd/btsigner/main.go:272.3,273.17 2 0
github.com/bittensor-lab/btsigner/cmd/btsigner/main.go:273.17,275.4 1 0
github.com/bittensor-lab/btsigner/cmd/btsigner/main.go:278.3,278.16 1 0
github.com/bittensor-lab/btsigner/cmd/btsigner/main.go:278.16,280.18 2 0
github.com/bittensor-lab/btsigner/cmd/btsigner/main.go:280.18,282.5 1 0
github.com/bittensor-lab/btsigner/cmd/btsigner/main.go:284.4,286.10 3 0
github.com/bittensor-lab/btsigner/cmd/btsigner/main.go:290.2,294.16 3 0
github.com/bittensor-lab/btsigner/cmd/btsigner/main.go:294.16,296.3 1 0
github.com/bittensor-lab/btsigner/cmd/btsigner/main.go:298.2,302.34 3 0
github.com/bittensor-lab/btsigner/cmd/btsigner/main.go:302.34,304.3 1 0
github.com/bittensor-lab/btsigner/scripts/test_keygen_and_signing.go:40.51,42.2 1 0
github.com/bittensor-lab/btsigner/scripts/test_keygen_and_signing.go:44.37,52.36 6 0
github.com/bittensor-lab/btsigner/scripts/test_keygen_and_signing.go:52.36,54.22 2 0
github.com/bittensor-lab/btsigner/scripts/test_keygen_and_signing.go:54.22,57.4 2 0
github.com/bittensor-lab/btsigner/scripts/test_keygen_and_signing.go:57.9,59.4 1 0
github.com/bittensor-lab/btsigner/scripts/test_keygen_and_signing.go:61.3,63.30 2 0
github.com/bittensor-lab/btsigner/scripts/test_keygen_and_signing.go:63.30,65.4 1 0
github.com/bittensor-lab/btsigner/scripts/test_keygen_and_signing.go:66.3,66.31 1 0
github.com/bittensor-lab/btsigner/scripts/test_keygen_and_signing.go:66.31,68.4 1 0
github.com/bittensor-lab/btsigner/scripts/test_keygen_and_signing.go:69.3,69.30 1 0
github.com/bittensor-lab/btsigner/scripts/test_keygen_and_signing.go:69.30,71.4 1 0
github.com/bittensor-lab/btsigner/scripts/test_keygen_and_signing.go:72.3,72.26 1 0
github.com/bittensor-lab/btsigner/scripts/test_keygen_and_signing.go:72.26,74.4 1 0
github.com/bittensor-lab/btsigner/scripts/test_keygen_and_signing.go:75.3,75.16 1 0
github.com/bittensor-lab/btsigner/scripts/test_keygen_and_signing.go:78.2,79.38 2 0
github.com/bittensor-lab/btsigner/scripts/test_keygen_and_signing.go:82.13,115.2 13 0
github.com/bittensor-lab/btsigner/scripts/test_keygen_and_signing.go:117.48,130.16 6 0
github.com/bittensor-lab/btsigner/scripts/test_keygen_and_signing.go:130.16,135.3 4 0
github.com/bittensor-lab/btsigner/scripts/test_keygen_and_signing.go:138.2,140.16 3 0
github.com/bittensor-lab/btsigner/scripts/test_keygen_and_signing.go:140.16,145.3 4 0
github.com/bittensor-lab/btsigner/scripts/test_keygen_and_signing.go:147.2,157.22 9 0
github.com/bittensor-lab/btsigner/scripts/test_keygen_and_signing.go:160.45,173.16 6 0
github.com/bittensor-lab/btsigner/scripts/test_keygen_and_signing.go:173.16,178.3 4 0
github.com/bittensor-lab/btsigner/scripts/test_keygen_and_signing.go:179.2,183.16 3 0
github.com/bittensor-lab/btsigner/scripts/test_keygen_and_signing.go:183.16,188.3 4 0
github.com/bittensor-lab/btsigner/scripts/test_keygen_and_signing.go:191.2,200.39 4 0
github.com/bittensor-lab/btsigner/scripts/test_keygen_and_signing.go:200.39,202.17 2 0
github.com/bittensor-lab/btsigner/scripts/test_keygen_and_signing.go:202.17,207.4 4 0
github.com/bittensor-lab/btsigner/scripts/test_keygen_and_signing.go:209.3,209.26 1 0
github.com/bittensor-lab/btsigner/scripts/test_keygen_and_signing.go:209.26,214.4 4 0
github.com/bittensor-lab/btsigner/scripts/test_keygen_and_signing.go:216.3,217.75 2 0
github.com/bittensor-lab/btsigner/scripts/test_keygen_and_signing.go:220.2,229.22 8 0
github.com/bittensor-lab/btsigner/scripts/test_keygen_and_signing.go:232.47,245.16 6 0
github.com/bittensor-lab/btsigner/scripts/test_keygen_and_signing.go:245.16,250.3 4 0
github.com/bittensor-lab/btsigner/scripts/test_keygen_and_signing.go:251.2,256.16 4 0
github.com/bittensor-lab/btsigner/scripts/test_keygen_and_signing.go:256.16,261.3 4 0
github.com/bittensor-lab/btsigner/scripts/test_keygen_and_signing.go:264.2,265.16 2 0
github.com/bittensor-lab/btsigner/scripts/test_keygen_and_signing.go:265.16,270.3 4 0
github.com/bittensor-lab/btsigner/scripts/test_keygen_and_signing.go:272.2,283.22 10 0
github.com/bittensor-lab/btsigner/scripts/test_keygen_and_signing.go:286.51,299.16 6 0
github.com/bittensor-lab/btsigner/scripts/test_keygen_and_signing.go:299.16,304.3 4 0
github.com/bittensor-lab/btsigner/scripts/test_keygen_and_signing.go:305.2,310.31 3 0
github.com/bittensor-lab/btsigner/scripts/test_keygen_and_signing.go:310.31,312.17 2 0
github.com/bittensor-lab/btsigner/scripts/test_keygen_and_signing.go:312.17,317.4 4 0
github.com/bittensor-lab/btsigner/scripts/test_keygen_and_signing.go:320.3,321.17 2 0
github.com/bittensor-lab/btsigner/scripts/test_keygen_and_signing.go:321.17,326.4 4 0
github.com/bittensor-lab/btsigner/scripts/test_keygen_and_signing.go:328.3,330.47 3 0
github.com/bittensor-lab/btsigner/scripts/test_keygen_and_signing.go:334.2,341.22 6 0
github.com/bittensor-lab/btsigner/scripts/test_keygen_and_signing.go:344.44,357.16 6 0
github.com/bittensor-lab/btsigner/scripts/test_keygen_and_signing.go:357.16,362.3 4 0
github.com/bittensor-lab/btsigner/scripts/test_keygen_and_signing.go:363.2,368.31 3 0
github.com/bittensor-lab/btsigner/scripts/test_keygen_and_signing.go:368.31,370.17 2 0
github.com/bittensor-lab/btsigner/scripts/test_keygen_and_signing.go:370.17,372.12 1 0
github.com/bittensor-lab/btsigner/scripts/test_keygen_and_signing.go:376.3,380.17 4 0
github.com/bittensor-lab/btsigner/scripts/test_keygen_and_signing.go:380.17,385.4 4 0
github.com/bittensor-lab/btsigner/scripts/test_keygen_and_signing.go:387.3,387.26 1 0
github.com/bittensor-lab/btsigner/scripts/test_keygen_and_signing.go:387.26,392.4 4 0
github.com/bittensor-lab/btsigner/scripts/test_keygen_and_signing.go:394.3,395.31 2 0
github.com/bittensor-lab/btsigner/scripts/test_keygen_and_signing.go:398.2,404.22 5 0
github.com/bittensor-lab/btsigner/scripts/test_keygen_and_signing.go:407.45,420.16 6 0
github.com/bittensor-lab/btsigner/scripts/test_keygen_and_signing.go:420.16,425.3 4 0
github.com/bittensor-lab/btsigner/scripts/test_keygen_and_signing.go:426.2,432.37 4 0
github.com/bittensor-lab/btsigner/scripts/test_keygen_and_signing.go:432.37,438.17 4 0
github.com/bittensor-lab/btsigner/scripts/test_keygen_and_signing.go:438.17,443.4 4 0
github.com/bittensor-lab/btsigner/scripts/test_keygen_and_signing.go:445.3,445.26 1 0
github.com/bittensor-lab/btsigner/scripts/test_keygen_and_signing.go:445.26,450.4 4 0
github.com/bittensor-lab/btsigner/scripts/test_keygen_and_signing.go:452.3,452.17 1 0
github.com/bittensor-lab/btsigner/scripts/test_keygen_and_signing.go:452.17,454.4 1 0
github.com/bittensor-lab/btsigner/scripts/test_keygen_and_signing.go:457.2,463.22 5 0
github.com/bittensor-lab/btsigner/scripts/test_keygen_and_signing.go:466.38,479.16 6 0
github.com/bittensor-lab/btsigner/scripts/test_keygen_and_signing.go:479.16,484.3 4 0
github.com/bittensor-lab/btsigner/scripts/test_keygen_and_signing.go:485.2,491.16 4 0
github.com/bittensor-lab/btsigner/scripts/test_keygen_and_signing.go:491.16,496.3 4 0
github.com/bittensor-lab/btsigner/scripts/test_keygen_and_signing.go:497.2,503.16 5 0
github.com/bittensor-lab/btsigner/scripts/test_keygen_and_signing.go:503.16,508.3 4 0
github.com/bittensor-lab/btsigner/scripts/test_keygen_and_signing.go:509.2,516.16 5 0
github.com/bittensor-lab/btsigner/scripts/test_keygen_and_signing.go:516.16,521.3 4 0
github.com/bittensor-lab/btsigner/scripts/test_keygen_and_signing.go:523.2,523.25 1 0
github.com/bittensor-lab/btsigner/scripts/test_keygen_and_signing.go:523.25,528.3 4 0
github.com/bittensor-lab/btsigner/scripts/test_keygen_and_signing.go:530.2,539.22 7 0
github.com/bittensor-lab/btsigner/scripts/test_keygen_and_signing.go:542.16,546.2 2 0
github.com/bittensor-lab/btsigner/scripts/test_keygen_and_signing.go:548.13,550.45 1 0
github.com/bittensor-lab/btsigner/scripts/test_keygen_and_signing.go:550.45,553.3 2 0
github.com/bittensor-lab/btsigner/proto/signer/v1/signer.pb.go:38.40,43.2 4 0
github.com/bittensor-lab/btsigner/proto/signer/v1/signer.pb.go:45.48,47.2 1 0
github.com/bittensor-lab/btsigner/proto/signer/v1/signer.pb.go:49.46,49.47 0 0
github.com/bittensor-lab/btsigner/proto/signer/v1/signer.pb.go:51.68,53.14 2 0
github.com/bittensor-lab/btsigner/proto/signer/v1/signer.pb.go:53.14,55.34 2 0
github.com/bittensor-lab/btsigner/proto/signer/v1/signer.pb.go:55.34,57.4 1 0
github.com/bittensor-lab/btsigner/proto/signer/v1/signer.pb.go:58.3,58.12 1 0
github.com/bittensor-lab/btsigner/proto/signer/v1/signer.pb.go:60.2,60.24 1 0
github.com/bittensor-lab/btsigner/proto/signer/v1/signer.pb.go:64.59,66.2 1 0
github.com/bittensor-lab/btsigner/proto/signer/v1/signer.pb.go:68.54,69.14 1 0
github.com/bittensor-lab/btsigner/proto/signer/v1/signer.pb.go:69.14,71.3 1 0
github.com/bittensor-lab/btsigner/proto/signer/v1/signer.pb.go:72.2,72.12 1 0
github.com/bittensor-lab/btsigner/proto/signer/v1/signer.pb.go:75.56,76.14 1 0
github.com/bittensor-lab/btsigner/proto/signer/v1/signer.pb.go:76.14,78.3 1 0
github.com/bittensor-lab/btsigner/proto/signer/v1/signer.pb.go:79.2,79.11 1 0
github.com/bittensor-lab/btsigner/proto/signer/v1/signer.pb.go:82.50,83.14 1 0
github.com/bittensor-lab/btsigner/proto/signer/v1/signer.pb.go:83.14,85.3 1 0
github.com/bittensor-lab/btsigner/proto/signer/v1/signer.pb.go:86.2,86.11 1 0
github.com/bittensor-lab/btsigner/proto/signer/v1/signer.pb.go:98.43,103.2 4 0
github.com/bittensor-lab/btsigner/proto/signer/v1/signer.pb.go:105.51,107.2 1 0
github.com/bittensor-lab/btsigner/proto/signer/v1/signer.pb.go:109.49,109.50 0 0
github.com/bittensor-lab/btsigner/proto/signer/v1/signer.pb.go:111.71,113.14 2 0
github.com/bittensor-lab/btsigner/proto/signer/v1/signer.pb.go:113.14,115.34 2 0
github.com/bittensor-lab/btsigner/proto/signer/v1/signer.pb.go:115.34,117.4 1 0
github.com/bittensor-lab/btsigner/proto/signer/v1/signer.pb.go:118.3,118.12 1 0
github.com/bittensor-lab/btsigner/proto/signer/v1/signer.pb.go:120.2,120.24 1 0
github.com/bittensor-lab/btsigner/proto/signer/v1/signer.pb.go:124.62,126.2 1 0
github.com/bittensor-lab/btsigner/proto/signer/v1/signer.pb.go:128.53,129.14 1 0
github.com/bittensor-lab/btsigner/proto/signer/v1/signer.pb.go:129.14,131.3 1 0
github.com/bittensor-lab/btsigner/proto/signer/v1/signer.pb.go:132.2,132.11 1 0
github.com/bittensor-lab/btsigner/proto/signer/v1/signer.pb.go:146.40,151.2 4 0
github.com/bittensor-lab/btsigner/proto/signer/v1/signer.pb.go:153.48,155.2 1 0
github.com/bittensor-lab/btsigner/proto/signer/v1/signer.pb.go:157.46,157.47 0 0
github.com/bittensor-lab/btsigner/proto/signer/v1/signer.pb.go:159.68,161.14 2 0
github.com/bittensor-lab/btsigner/proto/signer/v1/signer.pb.go:161.14,163.34 2 0
github.com/bittensor-lab/btsigner/proto/signer/v1/signer.pb.go:163.34,165.4 1 0
github.com/bittensor-lab/btsigner/proto/signer/v1/signer.pb.go:166.3,166.12 1 0
github.com/bittensor-lab/btsigner/proto/signer/v1/signer.pb.go:168.2,168.24 1 0
github.com/bittensor-lab/btsigner/proto/signer/v1/signer.pb.go:172.59,174.2 1 0
github.com/bittensor-lab/btsigner/proto/signer/v1/signer.pb.go:176.52,177.14 1 0
github.com/bittensor-lab/btsigner/proto/signer/v1/signer.pb.go:177.14,179.3 1 0
github.com/bittensor-lab/btsigner/proto/signer/v1/signer.pb.go:180.2,180.12 1 0
github.com/bittensor-lab/btsigner/proto/signer/v1/signer.pb.go:183.52,184.14 1 0
github.com/bittensor-lab/btsigner/proto/signer/v1/signer.pb.go:184.14,186.3 1 0
github.com/bittensor-lab/btsigner/proto/signer/v1/signer.pb.go:187.2,187.12 1 0
github.com/bittensor-lab/btsigner/proto/signer/v1/signer.pb.go:203.47,208.2 4 0
github.com/bittensor-lab/btsigner/proto/signer/v1/signer.pb.go:210.55,212.2 1 0
github.com/bittensor-lab/btsigner/proto/signer/v1/signer.pb.go:214.53,214.54 0 0
github.com/bittensor-lab/btsigner/proto/signer/v1/signer.pb.go:216.75,218.14 2 0
github.com/bittensor-lab/btsigner/proto/signer/v1/signer.pb.go:218.14,220.34 2 0
github.com/bittensor-lab/btsigner/proto/signer/v1/signer.pb.go:220.34,222.4 1 0
github.com/bittensor-lab/btsigner/proto/signer/v1/signer.pb.go:223.3,223.12 1 0
github.com/bittensor-lab/btsigner/proto/signer/v1/signer.pb.go:225.2,225.24 1 0
github.com/bittensor-lab/btsigner/proto/signer/v1/signer.pb.go:229.66,231.2 1 0
github.com/bittensor-lab/btsigner/proto/signer/v1/signer.pb.go:233.57,234.14 1 0
github.com/bittensor-lab/btsigner/proto/signer/v1/signer.pb.go:234.14,236.3 1 0
github.com/bittensor-lab/btsigner/proto/signer/v1/signer.pb.go:237.2,237.11 1 0
github.com/bittensor-lab/btsigner/proto/signer/v1/signer.pb.go:240.59,241.14 1 0
github.com/bittensor-lab/btsigner/proto/signer/v1/signer.pb.go:241.14,243.3 1 0
github.com/bittensor-lab/btsigner/proto/signer/v1/signer.pb.go:244.2,244.12 1 0
github.com/bittensor-lab/btsigner/proto/signer/v1/signer.pb.go:247.59,248.14 1 0
github.com/bittensor-lab/btsigner/proto/signer/v1/signer.pb.go:248.14,250.3 1 0
github.com/bittensor-lab/btsigner/proto/signer/v1/signer.pb.go:251.2,251.12 1 0
github.com/bittensor-lab/btsigner/proto/signer/v1/signer.pb.go:265.41,270.2 4 0
github.com/bittensor-lab/btsigner/proto/signer/v1/signer.pb.go:272.49,274.2 1 0
github.com/bittensor-lab/btsigner/proto/signer/v1/signer.pb.go:276.47,276.48 0 0
github.com/bittensor-lab/btsigner/proto/signer/v1/signer.pb.go:278.69,280.14 2 0
github.com/bittensor-lab/btsigner/proto/signer/v1/signer.pb.go:280.14,282.34 2 0
github.com/bittensor-lab/btsigner/proto/signer/v1/signer.pb.go:282.34,284.4 1 0
github.com/bittensor-lab/btsigner/proto/signer/v1/signer.pb.go:285.3,285.12 1 0
github.com/bittensor-lab/btsigner/proto/signer/v1/signer.pb.go:287.2,287.24 1 0
github.com/bittensor-lab/btsigner/proto/signer/v1/signer.pb.go:291.60,293.2 1 0
github.com/bittensor-lab/btsigner/proto/signer/v1/signer.pb.go:295.55,296.14 1 0
github.com/bittensor-lab/btsigner/proto/signer/v1/signer.pb.go:296.14,298.3 1 0
github.com/bittensor-lab/btsigner/proto/signer/v1/signer.pb.go:299.2,299.12 1 0
github.com/bittensor-lab/btsigner/proto/signer/v1/signer.pb.go:302.51,303.14 1 0
github.com/bittensor-lab/btsigner/proto/signer/v1/signer.pb.go:303.14,305.3 1 0
github.com/bittensor-lab/btsigner/proto/signer/v1/signer.pb.go:306.2,306.11 1 0
github.com/bittensor-lab/btsigner/proto/signer/v1/signer.pb.go:320.36,325.2 4 0
github.com/bittensor-lab/btsigner/proto/signer/v1/signer.pb.go:327.44,329.2 1 0
github.com/bittensor-lab/btsigner/proto/signer/v1/signer.pb.go:331.42,331.43 0 0
github.com/bittensor-lab/btsigner/proto/signer/v1/signer.pb.go:333.64,335.14 2 0
github.com/bittensor-lab/btsigner/proto/signer/v1/signer.pb.go:335.14,337.34 2 0
github.com/bittensor-lab/btsigner/proto/signer/v1/signer.pb.go:337.34,339.4 1 0
github.com/bittensor-lab/btsigner/proto/signer/v1/signer.pb.go:340.3,340.12 1 0
github.com/bittensor-lab/btsigner/proto/signer/v1/signer.pb.go:342.2,342.24 1 0
github.com/bittensor-lab/btsigner/proto/signer/v1/signer.pb.go:346.55,348.2 1 0
github.com/bittensor-lab/btsigner/proto/signer/v1/signer.pb.go:350.49,351.14 1 0
github.com/bittensor-lab/btsigner/proto/signer/v1/signer.pb.go:351.14,353.3 1 0
github.com/bittensor-lab/btsigner/proto/signer/v1/signer.pb.go:354.2,354.12 1 0
github.com/bittensor-lab/btsigner/proto/signer/v1/signer.pb.go:357.53,358.14 1 0
github.com/bittensor-lab/btsigner/proto/signer/v1/signer.pb.go:358.14,360.3 1 0
github.com/bittensor-lab/btsigner/proto/signer/v1/signer.pb.go:361.2,361.11 1 0
github.com/bittensor-lab/btsigner/proto/signer/v1/signer.pb.go:402.51,403.48 1 0
github.com/bittensor-lab/btsigner/proto/signer/v1/signer.pb.go:403.48,405.3 1 0
github.com/bittensor-lab/btsigner/proto/signer/v1/signer.pb.go:406.2,406.44 1 0
github.com/bittensor-lab/btsigner/proto/signer/v1/signer.pb.go:439.13,439.47 1 0
github.com/bittensor-lab/btsigner/proto/signer/v1/signer.pb.go:440.37,441.36 1 0
github.com/bittensor-lab/btsigner/proto/signer/v1/signer.pb.go:441.36,443.3 1 0
github.com/bittensor-lab/btsigner/proto/signer/v1/signer.pb.go:444.2,460.39 5 0
github.com/bittensor-lab/btsigner/proto/signer/v1/signer_grpc.pb.go:55.76,57.2 1 0
github.com/bittensor-lab/btsigner/proto/signer/v1/signer_grpc.pb.go:59.139,63.16 4 0
github.com/bittensor-lab/btsigner/proto/signer/v1/signer_grpc.pb.go:63.16,65.3 1 0
github.com/bittensor-lab/btsigner/proto/signer/v1/signer_grpc.pb.go:66.2,66.17 1 0
github.com/bittensor-lab/btsigner/proto/signer/v1/signer_grpc.pb.go:69.153,73.16 4 0
github.com/bittensor-lab/btsigner/proto/signer/v1/signer_grpc.pb.go:73.16,75.3 1 0
github.com/bittensor-lab/btsigner/proto/signer/v1/signer_grpc.pb.go:76.2,76.17 1 0
github.com/bittensor-lab/btsigner/proto/signer/v1/signer_grpc.pb.go:79.148,83.16 4 0
github.com/bittensor-lab/btsigner/proto/signer/v1/signer_grpc.pb.go:83.16,85.3 1 0
github.com/bittensor-lab/btsigner/proto/signer/v1/signer_grpc.pb.go:86.2,86.17 1 0
github.com/bittensor-lab/btsigner/proto/signer/v1/signer_grpc.pb.go:89.162,93.16 4 0
github.com/bittensor-lab/btsigner/proto/signer/v1/signer_grpc.pb.go:93.16,95.3 1 0
github.com/bittensor-lab/btsigner/proto/signer/v1/signer_grpc.pb.go:96.2,96.17 1 0
github.com/bittensor-lab/btsigner/proto/signer/v1/signer_grpc.pb.go:99.131,103.16 4 0
github.com/bittensor-lab/btsigner/proto/signer/v1/signer_grpc.pb.go:103.16,105.3 1 0
github.com/bittensor-lab/btsigner/proto/signer/v1/signer_grpc.pb.go:106.2,106.17 1 0
github.com/bittensor-lab/btsigner/proto/signer/v1/signer_grpc.pb.go:109.126,113.16 4 0
github.com/bittensor-lab/btsigner/proto/signer/v1/signer_grpc.pb.go:113.16,115.3 1 0
github.com/bittensor-lab/btsigner/proto/signer/v1/signer_grpc.pb.go:116.2,116.17 1 0
github.com/bittensor-lab/btsigner/proto/signer/v1/signer_grpc.pb.go:147.117,149.2 1 0
github.com/bittensor-lab/btsigner/proto/signer/v1/signer_grpc.pb.go:150.131,152.2 1 0
github.com/bittensor-lab/btsigner/proto/signer/v1/signer_grpc.pb.go:153.126,155.2 1 0
github.com/bittensor-lab/btsigner/proto/signer/v1/signer_grpc.pb.go:156.140,158.2 1 0
github.com/bittensor-lab/btsigner/proto/signer/v1/signer_grpc.pb.go:159.109,161.2 1 0
github.com/bittensor-lab/btsigner/proto/signer/v1/signer_grpc.pb.go:162.104,164.2 1 0
github.com/bittensor-lab/btsigner/proto/signer/v1/signer_grpc.pb.go:165.84,165.85 0 0
github.com/bittensor-lab/btsigner/proto/signer/v1/signer_grpc.pb.go:166.84,166.85 0 0
github.com/bittensor-lab/btsigner/proto/signer/v1/signer_grpc.pb.go:175.82,180.59 1 0
github.com/bittensor-lab/btsigner/proto/signer/v1/signer_grpc.pb.go:180.59,182.3 1 0
github.com/bittensor-lab/btsigner/proto/signer/v1/signer_grpc.pb.go:183.2,183.51 1 0
github.com/bittensor-lab/btsigner/proto/signer/v1/signer_grpc.pb.go:186.170,188.32 2 0
github.com/bittensor-lab/btsigner/proto/signer/v1/signer_grpc.pb.go:188.32,190.3 1 0
github.com/bittensor-lab/btsigner/proto/signer/v1/signer_grpc.pb.go:191.2,191.24 1 0
github.com/bittensor-lab/btsigner/proto/signer/v1/signer_grpc.pb.go:191.24,193.3 1 0
github.com/bittensor-lab/btsigner/proto/signer/v1/signer_grpc.pb.go:194.2,198.77 2 0
github.com/bittensor-lab/btsigner/proto/signer/v1/signer_grpc.pb.go:198.77,200.3 1 0
github.com/bittensor-lab/btsigner/proto/signer/v1/signer_grpc.pb.go:201.2,201.44 1 0
github.com/bittensor-lab/btsigner/proto/signer/v1/signer_grpc.pb.go:204.174,206.32 2 0
github.com/bittensor-lab/btsigner/proto/signer/v1/signer_grpc.pb.go:206.32,208.3 1 0
github.com/bittensor-lab/btsigner/proto/signer/v1/signer_grpc.pb.go:209.2,209.24 1 0
github.com/bittensor-lab/btsigner/proto/signer/v1/signer_grpc.pb.go:209.24,211.3 1 0
github.com/bittensor-lab/btsigner/proto/signer/v1/signer_grpc.pb.go:212.2,216.77 2 0
github.com/bittensor-lab/btsigner/proto/signer/v1/signer_grpc.pb.go:216.77,218.3 1 0
github.com/bittensor-lab/btsigner/proto/signer/v1/signer_grpc.pb.go:219.2,219.44 1 0
github.com/bittensor-lab/btsigner/proto/signer/v1/signer_grpc.pb.go:222.171,224.32 2 0
github.com/bittensor-lab/btsigner/proto/signer/v1/signer_grpc.pb.go:224.32,226.3 1 0
github.com/bittensor-lab/btsigner/proto/signer/v1/signer_grpc.pb.go:227.2,227.24 1 0
github.com/bittensor-lab/btsigner/proto/signer/v1/signer_grpc.pb.go:227.24,229.3 1 0
github.com/bittensor-lab/btsigner/proto/signer/v1/signer_grpc.pb.go:230.2,234.77 2 0
github.com/bittensor-lab/btsigner/proto/signer/v1/signer_grpc.pb.go:234.77,236.3 1 0
github.com/bittensor-lab/btsigner/proto/signer/v1/signer_grpc.pb.go:237.2,237.44 1 0
github.com/bittensor-lab/btsigner/proto/signer/v1/signer_grpc.pb.go:240.178,242.32 2 0
github.com/bittensor-lab/btsigner/proto/signer/v1/signer_grpc.pb.go:242.32,244.3 1 0
github.com/bittensor-lab/btsigner/proto/signer/v1/signer_grpc.pb.go:245.2,245.24 1 0
github.com/bittensor-lab/btsigner/proto/signer/v1/signer_grpc.pb.go:245.24,247.3 1 0
github.com/bittensor-lab/btsigner/proto/signer/v1/signer_grpc.pb.go:248.2,252.77 2 0
github.com/bittensor-lab/btsigner/proto/signer/v1/signer_grpc.pb.go:252.77,254.3 1 0
github.com/bittensor-lab/btsigner/proto/signer/v1/signer_grpc.pb.go:255.2,255.44 1 0
github.com/bittensor-lab/btsigner/proto/signer/v1/signer_grpc.pb.go:258.166,260.32 2 0
github.com/bittensor-lab/btsigner/proto/signer/v1/signer_grpc.pb.go:260.32,262.3 1 0
github.com/bittensor-lab/btsigner/proto/signer/v1/signer_grpc.pb.go:263.2,263.24 1 0
github.com/bittensor-lab/btsigner/proto/signer/v1/signer_grpc.pb.go:263.24,265.3 1 0
github.com/bittensor-lab/btsigner/proto/signer/v1/signer_grpc.pb.go:266.2,270.77 2 0
github.com/bittensor-lab/btsigner/proto/signer/v1/signer_grpc.pb.go:270.77,272.3 1 0
github.com/bittensor-lab/btsigner/proto/signer/v1/signer_grpc.pb.go:273.2,273.44 1 0
github.com/bittensor-lab/btsigner/proto/signer/v1/signer_grpc.pb.go:276.164,278.32 2 0
github.com/bittensor-lab/btsigner/proto/signer/v1/signer_grpc.pb.go:278.32,280.3 1 0
github.com/bittensor-lab/btsigner/proto/signer/v1/signer_grpc.pb.go:281.2,281.24 1 0
github.com/bittensor-lab/btsigner/proto/signer/v1/signer_grpc.pb.go:281.24,283.3 1 0
github.com/bittensor-lab/btsigner/proto/signer/v1/signer_grpc.pb.go:284.2,288.77 2 0
github.com/bittensor-lab/btsigner/proto/signer/v1/signer_grpc.pb.go:288.77,290.3 1 0
github.com/bittensor-lab/btsigner/proto/signer/v1/signer_grpc.pb.go:291.2,291.44 1 0
github.com/bittensor-lab/btsigner/internal/config/config.go:45.47,47.16 2 1
github.com/bittensor-lab/btsigner/internal/config/config.go:47.16,49.3 1 1
github.com/bittensor-lab/btsigner/internal/config/config.go:51.2,54.28 2 1
github.com/bittensor-lab/btsigner/internal/config/config.go:55.23,56.52 1 1
github.com/bittensor-lab/btsigner/internal/config/config.go:56.52,58.4 1 1
github.com/bittensor-lab/btsigner/internal/config/config.go:59.15,60.52 1 1
github.com/bittensor-lab/btsigner/internal/config/config.go:60.52,62.4 1 1
github.com/bittensor-lab/btsigner/internal/config/config.go:63.10,64.78 1 1
github.com/bittensor-lab/btsigner/internal/config/config.go:68.2,68.30 1 1
github.com/bittensor-lab/btsigner/internal/config/config.go:68.30,70.3 1 1
github.com/bittensor-lab/btsigner/internal/config/config.go:72.2,72.54 1 1
github.com/bittensor-lab/btsigner/internal/config/config.go:72.54,74.3 1 1
github.com/bittensor-lab/btsigner/internal/config/config.go:76.2,76.25 1 1
github.com/bittensor-lab/btsigner/internal/config/config.go:76.25,78.3 1 1
github.com/bittensor-lab/btsigner/internal/config/config.go:80.2,80.26 1 1
github.com/bittensor-lab/btsigner/internal/config/config.go:80.26,82.3 1 1
github.com/bittensor-lab/btsigner/internal/config/config.go:84.2,84.18 1 1
github.com/bittensor-lab/btsigner/internal/config/config.go:88.30,101.2 10 1
github.com/bittensor-lab/btsigner/internal/crypto/keystore.go:35.54,37.52 1 1
github.com/bittensor-lab/btsigner/internal/crypto/keystore.go:37.52,39.3 1 1
github.com/bittensor-lab/btsigner/internal/crypto/keystore.go:41.2,49.49 3 1
github.com/bittensor-lab/btsigner/internal/crypto/keystore.go:49.49,51.17 2 1
github.com/bittensor-lab/btsigner/internal/crypto/keystore.go:51.17,53.4 1 0
github.com/bittensor-lab/btsigner/internal/crypto/keystore.go:55.3,55.57 1 1
github.com/bittensor-lab/btsigner/internal/crypto/keystore.go:55.57,57.4 1 1
github.com/bittensor-lab/btsigner/internal/crypto/keystore.go:58.8,61.17 2 1
github.com/bittensor-lab/btsigner/internal/crypto/keystore.go:61.17,63.4 1 0
github.com/bittensor-lab/btsigner/internal/crypto/keystore.go:65.3,65.64 1 1
github.com/bittensor-lab/btsigner/internal/crypto/keystore.go:65.64,67.4 1 1
github.com/bittensor-lab/btsigner/internal/crypto/keystore.go:70.2,74.8 1 1
github.com/bittensor-lab/btsigner/internal/crypto/keystore.go:78.42,81.16 3 1
github.com/bittensor-lab/btsigner/internal/crypto/keystore.go:81.16,83.3 1 0
github.com/bittensor-lab/btsigner/internal/crypto/keystore.go:85.2,85.47 1 1
github.com/bittensor-lab/btsigner/internal/crypto/keystore.go:89.86,90.14 1 1
github.com/bittensor-lab/btsigner/internal/crypto/keystore.go:90.14,92.3 1 0
github.com/bittensor-lab/btsigner/internal/crypto/keystore.go:94.2,98.53 3 1
github.com/bittensor-lab/btsigner/internal/crypto/keystore.go:98.53,100.3 1 1
github.com/bittensor-lab/btsigner/internal/crypto/keystore.go:103.2,103.40 1 1
github.com/bittensor-lab/btsigner/internal/crypto/keystore.go:103.40,105.3 1 0
github.com/bittensor-lab/btsigner/internal/crypto/keystore.go:108.2,113.16 4 1
github.com/bittensor-lab/btsigner/internal/crypto/keystore.go:113.16,115.3 1 0
github.com/bittensor-lab/btsigner/internal/crypto/keystore.go:118.2,122.42 3 1
github.com/bittensor-lab/btsigner/internal/crypto/keystore.go:122.42,124.3 1 0
github.com/bittensor-lab/btsigner/internal/crypto/keystore.go:127.2,129.21 2 1
github.com/bittensor-lab/btsigner/internal/crypto/keystore.go:133.82,134.14 1 1
github.com/bittensor-lab/btsigner/internal/crypto/keystore.go:134.14,136.3 1 0
github.com/bittensor-lab/btsigner/internal/crypto/keystore.go:138.2,142.44 3 1
github.com/bittensor-lab/btsigner/internal/crypto/keystore.go:142.44,144.3 1 1
github.com/bittensor-lab/btsigner/internal/crypto/keystore.go:147.2,148.13 2 1
github.com/bittensor-lab/btsigner/internal/crypto/keystore.go:148.13,150.3 1 1
github.com/bittensor-lab/btsigner/internal/crypto/keystore.go:153.2,155.16 3 1
github.com/bittensor-lab/btsigner/internal/crypto/keystore.go:155.16,157.3 1 0
github.com/bittensor-lab/btsigner/internal/crypto/keystore.go:160.2,162.21 2 1
github.com/bittensor-lab/btsigner/internal/crypto/keystore.go:166.48,171.13 4 1
github.com/bittensor-lab/btsigner/internal/crypto/keystore.go:171.13,173.3 1 1
github.com/bittensor-lab/btsigner/internal/crypto/keystore.go:176.2,176.39 1 1
github.com/bittensor-lab/btsigner/internal/crypto/keystore.go:176.39,178.3 1 0
github.com/bittensor-lab/btsigner/internal/crypto/keystore.go:181.2,183.12 2 1
github.com/bittensor-lab/btsigner/internal/crypto/keystore.go:187.48,193.13 4 1
github.com/bittensor-lab/btsigner/internal/crypto/keystore.go:193.13,195.3 1 1
github.com/bittensor-lab/btsigner/internal/crypto/keystore.go:198.2,198.44 1 1
github.com/bittensor-lab/btsigner/internal/crypto/keystore.go:198.44,199.40 1 1
github.com/bittensor-lab/btsigner/internal/crypto/keystore.go:199.40,201.4 1 0
github.com/bittensor-lab/btsigner/internal/crypto/keystore.go:202.3,202.22 1 1
github.com/bittensor-lab/btsigner/internal/crypto/keystore.go:206.2,207.43 2 1
github.com/bittensor-lab/btsigner/internal/crypto/keystore.go:207.43,209.3 1 0
github.com/bittensor-lab/btsigner/internal/crypto/keystore.go:212.2,216.26 3 1
github.com/bittensor-lab/btsigner/internal/crypto/keystore.go:220.43,225.41 4 1
github.com/bittensor-lab/btsigner/internal/crypto/keystore.go:225.41,227.3 1 1
github.com/bittensor-lab/btsigner/internal/crypto/keystore.go:229.2,229.12 1 1
github.com/bittensor-lab/btsigner/internal/crypto/keystore.go:233.67,238.13 4 1
github.com/bittensor-lab/btsigner/internal/crypto/keystore.go:238.13,240.3 1 1
github.com/bittensor-lab/btsigner/internal/crypto/keystore.go:242.2,244.16 3 1
github.com/bittensor-lab/btsigner/internal/crypto/keystore.go:244.16,246.3 1 0
github.com/bittensor-lab/btsigner/internal/crypto/keystore.go:248.2,248.30 1 1
github.com/bittensor-lab/btsigner/internal/crypto/keystore.go:252.35,257.35 4 1
github.com/bittensor-lab/btsigner/internal/crypto/keystore.go:257.35,258.40 1 1
github.com/bittensor-lab/btsigner/internal/crypto/keystore.go:258.40,260.4 1 0
github.com/bittensor-lab/btsigner/internal/crypto/keystore.go:261.3,261.22 1 1
github.com/bittensor-lab/btsigner/internal/crypto/keystore.go:264.2,264.16 1 1
github.com/bittensor-lab/btsigner/internal/crypto/sr25519.go:39.80,41.16 2 1
github.com/bittensor-lab/btsigner/internal/crypto/sr25519.go:41.16,43.3 1 1
github.com/bittensor-lab/btsigner/internal/crypto/sr25519.go:45.2,46.55 2 1
github.com/bittensor-lab/btsigner/internal/crypto/sr25519.go:46.55,48.3 1 1
github.com/bittensor-lab/btsigner/internal/crypto/sr25519.go:51.2,55.16 3 1
github.com/bittensor-lab/btsigner/internal/crypto/sr25519.go:55.16,57.3 1 0
github.com/bittensor-lab/btsigner/internal/crypto/sr25519.go:59.2,60.16 2 1
github.com/bittensor-lab/btsigner/internal/crypto/sr25519.go:60.16,62.3 1 0
github.com/bittensor-lab/btsigner/internal/crypto/sr25519.go:64.2,65.16 2 1
github.com/bittensor-lab/btsigner/internal/crypto/sr25519.go:65.16,67.3 1 1
github.com/bittensor-lab/btsigner/internal/crypto/sr25519.go:70.2,73.16 4 1
github.com/bittensor-lab/btsigner/internal/crypto/sr25519.go:73.16,75.3 1 0
github.com/bittensor-lab/btsigner/internal/crypto/sr25519.go:77.2,80.8 1 1
github.com/bittensor-lab/btsigner/internal/crypto/sr25519.go:84.46,86.2 1 1
github.com/bittensor-lab/btsigner/internal/crypto/sr25519.go:89.64,95.16 5 1
github.com/bittensor-lab/btsigner/internal/crypto/sr25519.go:95.16,97.3 1 0
github.com/bittensor-lab/btsigner/internal/crypto/sr25519.go:99.2,100.25 2 1
github.com/bittensor-lab/btsigner/internal/crypto/sr25519.go:104.40,107.25 1 1
github.com/bittensor-lab/btsigner/internal/crypto/sr25519.go:107.25,111.3 1 1
github.com/bittensor-lab/btsigner/internal/crypto/sr25519.go:112.2,112.12 1 1
github.com/bittensor-lab/btsigner/internal/crypto/sr25519.go:116.77,119.16 2 1
github.com/bittensor-lab/btsigner/internal/crypto/sr25519.go:119.16,121.3 1 0
github.com/bittensor-lab/btsigner/internal/crypto/sr25519.go:124.2,131.58 4 1
github.com/bittensor-lab/btsigner/internal/crypto/sr25519.go:131.58,133.3 1 0
github.com/bittensor-lab/btsigner/internal/crypto/sr25519.go:136.2,140.16 3 1
github.com/bittensor-lab/btsigner/internal/crypto/sr25519.go:140.16,142.3 1 0
github.com/bittensor-lab/btsigner/internal/crypto/sr25519.go:144.2,145.16 2 1
github.com/bittensor-lab/btsigner/internal/crypto/sr25519.go:145.16,147.3 1 0
github.com/bittensor-lab/btsigner/internal/crypto/sr25519.go:149.2,150.59 2 1
github.com/bittensor-lab/btsigner/internal/crypto/sr25519.go:150.59,152.3 1 0
github.com/bittensor-lab/btsigner/internal/crypto/sr25519.go:154.2,167.16 4 1
github.com/bittensor-lab/btsigner/internal/crypto/sr25519.go:167.16,169.3 1 0
github.com/bittensor-lab/btsigner/internal/crypto/sr25519.go:171.2,171.55 1 1
github.com/bittensor-lab/btsigner/internal/crypto/sr25519.go:171.55,173.3 1 1
github.com/bittensor-lab/btsigner/internal/crypto/sr25519.go:175.2,178.8 1 1
github.com/bittensor-lab/btsigner/internal/crypto/ss58.go:20.56,21.26 1 1
github.com/bittensor-lab/btsigner/internal/crypto/ss58.go:21.26,23.3 1 1
github.com/bittensor-lab/btsigner/internal/crypto/ss58.go:26.2,38.21 9 1
github.com/bittensor-lab/btsigner/internal/crypto/ss58.go:42.37,45.2 2 1
github.com/bittensor-lab/btsigner/internal/crypto/ss58.go:51.39,60.22 5 1
github.com/bittensor-lab/btsigner/internal/crypto/ss58.go:60.22,64.3 3 1
github.com/bittensor-lab/btsigner/internal/crypto/ss58.go:67.2,67.25 1 1
github.com/bittensor-lab/btsigner/internal/crypto/ss58.go:67.25,68.13 1 1
github.com/bittensor-lab/btsigner/internal/crypto/ss58.go:68.13,69.9 1 1
github.com/bittensor-lab/btsigner/internal/crypto/ss58.go:71.3,71.45 1 0
github.com/bittensor-lab/btsigner/internal/crypto/ss58.go:75.2,75.55 1 1
github.com/bittensor-lab/btsigner/internal/crypto/ss58.go:75.55,77.3 1 1
github.com/bittensor-lab/btsigner/internal/crypto/ss58.go:79.2,79.23 1 1
github.com/bittensor-lab/btsigner/pkg/client/client.go:30.44,36.2 1 1
github.com/bittensor-lab/btsigner/pkg/client/client.go:46.66,49.21 2 1
github.com/bittensor-lab/btsigner/pkg/client/client.go:49.21,52.24 2 1
github.com/bittensor-lab/btsigner/pkg/client/client.go:52.24,54.18 2 1
github.com/bittensor-lab/btsigner/pkg/client/client.go:54.18,56.5 1 1
github.com/bittensor-lab/btsigner/pkg/client/client.go:58.4,59.44 2 1
github.com/bittensor-lab/btsigner/pkg/client/client.go:59.44,61.5 1 1
github.com/bittensor-lab/btsigner/pkg/client/client.go:63.4,63.32 1 1
github.com/bittensor-lab/btsigner/pkg/client/client.go:66.3,66.26 1 1
github.com/bittensor-lab/btsigner/pkg/client/client.go:66.26,68.18 2 1
github.com/bittensor-lab/btsigner/pkg/client/client.go:68.18,70.5 1 1
github.com/bittensor-lab/btsigner/pkg/client/client.go:71.4,71.52 1 1
github.com/bittensor-lab/btsigner/pkg/client/client.go:74.3,74.36 1 1
github.com/bittensor-lab/btsigner/pkg/client/client.go:74.36,76.4 1 1
github.com/bittensor-lab/btsigner/pkg/client/client.go:78.3,79.68 2 1
github.com/bittensor-lab/btsigner/pkg/client/client.go:80.8,82.3 1 1
github.com/bittensor-lab/btsigner/pkg/client/client.go:84.2,85.16 2 1
github.com/bittensor-lab/btsigner/pkg/client/client.go:85.16,87.3 1 1
github.com/bittensor-lab/btsigner/pkg/client/client.go:89.2,95.8 2 1
github.com/bittensor-lab/btsigner/pkg/client/client.go:99.82,104.16 4 1
github.com/bittensor-lab/btsigner/pkg/client/client.go:104.16,106.3 1 1
github.com/bittensor-lab/btsigner/pkg/client/client.go:108.2,108.46 1 1
github.com/bittensor-lab/btsigner/pkg/client/client.go:112.91,119.16 4 1
github.com/bittensor-lab/btsigner/pkg/client/client.go:119.16,121.3 1 1
github.com/bittensor-lab/btsigner/pkg/client/client.go:123.2,123.28 1 1
github.com/bittensor-lab/btsigner/pkg/client/client.go:127.112,136.16 4 1
github.com/bittensor-lab/btsigner/pkg/client/client.go:136.16,138.3 1 1
github.com/bittensor-lab/btsigner/pkg/client/client.go:140.2,140.28 1 1
github.com/bittensor-lab/btsigner/pkg/client/client.go:144.63,149.16 4 1
github.com/bittensor-lab/btsigner/pkg/client/client.go:149.16,151.3 1 1
github.com/bittensor-lab/btsigner/pkg/client/client.go:153.2,153.12 1 1
github.com/bittensor-lab/btsigner/pkg/client/client.go:157.38,158.19 1 1
github.com/bittensor-lab/btsigner/pkg/client/client.go:158.19,160.3 1 1
github.com/bittensor-lab/btsigner/pkg/client/client.go:161.2,161.12 1 1
github.com/bittensor-lab/btsigner/pkg/server/health.go:18.38,22.2 1 1
github.com/bittensor-lab/btsigner/pkg/server/health.go:25.136,32.2 3 1
github.com/bittensor-lab/btsigner/pkg/server/health.go:35.98,40.2 3 1
github.com/bittensor-lab/btsigner/pkg/server/server.go:30.90,36.2 1 1
github.com/bittensor-lab/btsigner/pkg/server/server.go:39.30,42.16 2 0
github.com/bittensor-lab/btsigner/pkg/server/server.go:42.16,44.3 1 0
github.com/bittensor-lab/btsigner/pkg/server/server.go:47.2,55.26 3 0
github.com/bittensor-lab/btsigner/pkg/server/server.go:55.26,60.17 2 0
github.com/bittensor-lab/btsigner/pkg/server/server.go:60.17,62.4 1 0
github.com/bittensor-lab/btsigner/pkg/server/server.go:63.3,63.41 1 0
github.com/bittensor-lab/btsigner/pkg/server/server.go:67.2,77.30 7 0
github.com/bittensor-lab/btsigner/pkg/server/server.go:81.104,83.16 2 1
github.com/bittensor-lab/btsigner/pkg/server/server.go:83.16,86.3 2 0
github.com/bittensor-lab/btsigner/pkg/server/server.go:89.2,90.59 2 1
github.com/bittensor-lab/btsigner/pkg/server/server.go:90.59,95.3 2 0
github.com/bittensor-lab/btsigner/pkg/server/server.go:97.2,101.8 1 1
github.com/bittensor-lab/btsigner/pkg/server/server.go:105.123,106.21 1 1
github.com/bittensor-lab/btsigner/pkg/server/server.go:106.21,108.3 1 1
github.com/bittensor-lab/btsigner/pkg/server/server.go:111.2,112.9 2 1
github.com/bittensor-lab/btsigner/pkg/server/server.go:112.9,114.3 1 1
github.com/bittensor-lab/btsigner/pkg/server/server.go:116.2,117.16 2 1
github.com/bittensor-lab/btsigner/pkg/server/server.go:117.16,122.3 2 0
github.com/bittensor-lab/btsigner/pkg/server/server.go:124.2,132.8 2 1
github.com/bittensor-lab/btsigner/pkg/server/server.go:136.118,137.27 1 1
github.com/bittensor-lab/btsigner/pkg/server/server.go:137.27,140.3 2 1
github.com/bittensor-lab/btsigner/pkg/server/server.go:143.2,144.59 2 1
github.com/bittensor-lab/btsigner/pkg/server/server.go:144.59,147.3 2 0
github.com/bittensor-lab/btsigner/pkg/server/server.go:150.2,151.16 2 1
github.com/bittensor-lab/btsigner/pkg/server/server.go:151.16,154.3 2 0
github.com/bittensor-lab/btsigner/pkg/server/server.go:156.2,159.8 1 1
github.com/bittensor-lab/btsigner/pkg/server/server.go:163.132,164.27 1 1
github.com/bittensor-lab/btsigner/pkg/server/server.go:164.27,167.3 2 1
github.com/bittensor-lab/btsigner/pkg/server/server.go:169.2,169.21 1 1
github.com/bittensor-lab/btsigner/pkg/server/server.go:169.21,172.3 2 1
github.com/bittensor-lab/btsigner/pkg/server/server.go:175.2,176.9 2 1
github.com/bittensor-lab/btsigner/pkg/server/server.go:176.9,178.3 1 1
github.com/bittensor-lab/btsigner/pkg/server/server.go:180.2,182.16 3 1
github.com/bittensor-lab/btsigner/pkg/server/server.go:182.16,187.3 2 0
github.com/bittensor-lab/btsigner/pkg/server/server.go:189.2,192.8 1 1
github.com/bittensor-lab/btsigner/pkg/server/server.go:196.96,199.9 2 1
github.com/bittensor-lab/btsigner/pkg/server/server.go:199.9,205.3 1 1
github.com/bittensor-lab/btsigner/pkg/server/server.go:207.2,217.8 4 1
github.com/bittensor-lab/btsigner/pkg/server/server.go:221.88,223.2 1 1
github.com/bittensor-lab/btsigner/pkg/signer/keystore_signer.go:22.70,24.16 2 1
github.com/bittensor-lab/btsigner/pkg/signer/keystore_signer.go:24.16,26.3 1 0
github.com/bittensor-lab/btsigner/pkg/signer/keystore_signer.go:28.2,30.8 1 1
github.com/bittensor-lab/btsigner/pkg/signer/keystore_signer.go:34.53,36.2 1 1
github.com/bittensor-lab/btsigner/pkg/signer/keystore_signer.go:39.48,41.2 1 1
github.com/bittensor-lab/btsigner/pkg/signer/keystore_signer.go:44.68,46.16 2 1
github.com/bittensor-lab/btsigner/pkg/signer/keystore_signer.go:46.16,48.3 1 0
github.com/bittensor-lab/btsigner/pkg/signer/keystore_signer.go:51.2,51.26 1 1
github.com/bittensor-lab/btsigner/pkg/signer/keystore_signer.go:51.26,53.3 1 0
github.com/bittensor-lab/btsigner/pkg/signer/keystore_signer.go:55.2,55.12 1 1
github.com/bittensor-lab/btsigner/pkg/signer/keystore_signer.go:59.72,61.16 2 1
github.com/bittensor-lab/btsigner/pkg/signer/keystore_signer.go:61.16,63.3 1 0
github.com/bittensor-lab/btsigner/pkg/signer/keystore_signer.go:66.2,66.26 1 1
github.com/bittensor-lab/btsigner/pkg/signer/keystore_signer.go:66.26,68.3 1 1
github.com/bittensor-lab/btsigner/pkg/signer/keystore_signer.go:70.2,70.12 1 1
github.com/bittensor-lab/btsigner/pkg/signer/keystore_signer.go:74.53,76.2 1 1
github.com/bittensor-lab/btsigner/pkg/signer/keystore_signer.go:79.53,81.2 1 1
github.com/bittensor-lab/btsigner/pkg/signer/keystore_signer.go:84.48,86.2 1 1
github.com/bittensor-lab/btsigner/pkg/signer/keystore_signer.go:89.65,90.26 1 1
github.com/bittensor-lab/btsigner/pkg/signer/keystore_signer.go:90.26,92.3 1 1
github.com/bittensor-lab/btsigner/pkg/signer/keystore_signer.go:94.2,94.43 1 1
github.com/bittensor-lab/btsigner/pkg/signer/keystore_signer.go:98.78,100.2 1 1
github.com/bittensor-lab/btsigner/pkg/signer/keystore_signer.go:103.84,104.26 1 1
github.com/bittensor-lab/btsigner/pkg/signer/keystore_signer.go:104.26,106.3 1 1
github.com/bittensor-lab/btsigner/pkg/signer/keystore_signer.go:108.2,108.52 1 1
github.com/bittensor-lab/btsigner/pkg/signer/keystore_signer.go:112.102,113.23 1 1
github.com/bittensor-lab/btsigner/pkg/signer/keystore_signer.go:113.23,115.3 1 1
github.com/bittensor-lab/btsigner/pkg/signer/keystore_signer.go:118.2,118.9 1 1
github.com/bittensor-lab/btsigner/pkg/signer/keystore_signer.go:119.20,120.24 1 0
github.com/bittensor-lab/btsigner/pkg/signer/keystore_signer.go:121.10,121.10 0 1
github.com/bittensor-lab/btsigner/pkg/signer/keystore_signer.go:125.2,126.16 2 1
github.com/bittensor-lab/btsigner/pkg/signer/keystore_signer.go:126.16,128.3 1 1
github.com/bittensor-lab/btsigner/pkg/signer/keystore_signer.go:131.2,132.16 2 1
github.com/bittensor-lab/btsigner/pkg/signer/keystore_signer.go:132.16,134.3 1 0
github.com/bittensor-lab/btsigner/pkg/signer/keystore_signer.go:136.2,136.23 1 1
github.com/bittensor-lab/btsigner/pkg/signer/keystore_signer.go:140.40,142.2 1 1
github.com/bittensor-lab/btsigner/pkg/signer/signer.go:34.80,36.16 2 1
github.com/bittensor-lab/btsigner/pkg/signer/signer.go:36.16,38.3 1 0
github.com/bittensor-lab/btsigner/pkg/signer/signer.go:40.2,42.8 1 1
github.com/bittensor-lab/btsigner/pkg/signer/signer.go:46.64,47.22 1 1
github.com/bittensor-lab/btsigner/pkg/signer/signer.go:47.22,49.3 1 0
github.com/bittensor-lab/btsigner/pkg/signer/signer.go:51.2,53.16 3 1
github.com/bittensor-lab/btsigner/pkg/signer/signer.go:53.16,55.3 1 0
github.com/bittensor-lab/btsigner/pkg/signer/signer.go:57.2,57.30 1 1
github.com/bittensor-lab/btsigner/pkg/signer/signer.go:61.83,62.22 1 1
github.com/bittensor-lab/btsigner/pkg/signer/signer.go:62.22,64.3 1 0
github.com/bittensor-lab/btsigner/pkg/signer/signer.go:66.2,66.23 1 1
github.com/bittensor-lab/btsigner/pkg/signer/signer.go:66.23,68.3 1 1
github.com/bittensor-lab/btsigner/pkg/signer/signer.go:71.2,71.9 1 1
github.com/bittensor-lab/btsigner/pkg/signer/signer.go:72.20,73.24 1 1
github.com/bittensor-lab/btsigner/pkg/signer/signer.go:74.10,74.10 0 1
github.com/bittensor-lab/btsigner/pkg/signer/signer.go:77.2,78.16 2 1
github.com/bittensor-lab/btsigner/pkg/signer/signer.go:78.16,80.3 1 0
github.com/bittensor-lab/btsigner/pkg/signer/signer.go:82.2,82.23 1 1
github.com/bittensor-lab/btsigner/pkg/signer/signer.go:86.39,87.22 1 1
github.com/bittensor-lab/btsigner/pkg/signer/signer.go:87.22,89.3 1 1
github.com/bittensor-lab/btsigner/pkg/signer/signer.go:90.2,90.12 1 1
