mode: set
github.com/bittensor-lab/btsigner/cmd/btsigner/main.go:20.13,37.16 14 0
github.com/bittensor-lab/btsigner/cmd/btsigner/main.go:37.16,40.3 2 0
github.com/bittensor-lab/btsigner/cmd/btsigner/main.go:41.2,45.16 3 0
github.com/bittensor-lab/btsigner/cmd/btsigner/main.go:45.16,47.3 1 0
github.com/bittensor-lab/btsigner/cmd/btsigner/main.go:50.2,50.20 1 0
github.com/bittensor-lab/btsigner/cmd/btsigner/main.go:50.20,52.3 1 0
github.com/bittensor-lab/btsigner/cmd/btsigner/main.go:54.2,57.25 2 0
github.com/bittensor-lab/btsigner/cmd/btsigner/main.go:57.25,60.17 2 0
github.com/bittensor-lab/btsigner/cmd/btsigner/main.go:60.17,62.4 1 0
github.com/bittensor-lab/btsigner/cmd/btsigner/main.go:65.3,65.14 1 0
github.com/bittensor-lab/btsigner/cmd/btsigner/main.go:65.14,66.20 1 0
github.com/bittensor-lab/btsigner/cmd/btsigner/main.go:66.20,68.5 1 0
github.com/bittensor-lab/btsigner/cmd/btsigner/main.go:70.4,73.72 2 0
github.com/bittensor-lab/btsigner/cmd/btsigner/main.go:73.72,77.95 2 0
github.com/bittensor-lab/btsigner/cmd/btsigner/main.go:77.95,79.6 1 0
github.com/bittensor-lab/btsigner/cmd/btsigner/main.go:79.11,81.6 1 0
github.com/bittensor-lab/btsigner/cmd/btsigner/main.go:82.10,86.19 3 0
github.com/bittensor-lab/btsigner/cmd/btsigner/main.go:86.19,88.6 1 0
github.com/bittensor-lab/btsigner/cmd/btsigner/main.go:89.5,93.19 4 0
github.com/bittensor-lab/btsigner/cmd/btsigner/main.go:93.19,95.6 1 0
github.com/bittensor-lab/btsigner/cmd/btsigner/main.go:96.5,96.18 1 0
github.com/bittensor-lab/btsigner/cmd/btsigner/main.go:99.4,99.51 1 0
github.com/bittensor-lab/btsigner/cmd/btsigner/main.go:99.51,101.5 1 0
github.com/bittensor-lab/btsigner/cmd/btsigner/main.go:103.4,104.18 2 0
github.com/bittensor-lab/btsigner/cmd/btsigner/main.go:104.18,108.5 1 0
github.com/bittensor-lab/btsigner/cmd/btsigner/main.go:110.4,111.18 2 0
github.com/bittensor-lab/btsigner/cmd/btsigner/main.go:111.18,115.5 1 0
github.com/bittensor-lab/btsigner/cmd/btsigner/main.go:117.4,121.10 2 0
github.com/bittensor-lab/btsigner/cmd/btsigner/main.go:125.3,125.17 1 0
github.com/bittensor-lab/btsigner/cmd/btsigner/main.go:125.17,126.20 1 0
github.com/bittensor-lab/btsigner/cmd/btsigner/main.go:126.20,128.5 1 0
github.com/bittensor-lab/btsigner/cmd/btsigner/main.go:130.4,130.51 1 0
github.com/bittensor-lab/btsigner/cmd/btsigner/main.go:130.51,132.5 1 0
github.com/bittensor-lab/btsigner/cmd/btsigner/main.go:134.4,138.72 3 0
github.com/bittensor-lab/btsigner/cmd/btsigner/main.go:138.72,141.5 2 0
github.com/bittensor-lab/btsigner/cmd/btsigner/main.go:141.10,144.19 2 0
github.com/bittensor-lab/btsigner/cmd/btsigner/main.go:144.19,146.6 1 0
github.com/bittensor-lab/btsigner/cmd/btsigner/main.go:148.5,148.56 1 0
github.com/bittensor-lab/btsigner/cmd/btsigner/main.go:148.56,152.20 3 0
github.com/bittensor-lab/btsigner/cmd/btsigner/main.go:152.20,154.7 1 0
github.com/bittensor-lab/btsigner/cmd/btsigner/main.go:155.6,155.19 1 0
github.com/bittensor-lab/btsigner/cmd/btsigner/main.go:156.11,160.6 2 0
github.com/bittensor-lab/btsigner/cmd/btsigner/main.go:163.5,165.19 3 0
github.com/bittensor-lab/btsigner/cmd/btsigner/main.go:165.19,167.6 1 0
github.com/bittensor-lab/btsigner/cmd/btsigner/main.go:168.5,168.18 1 0
github.com/bittensor-lab/btsigner/cmd/btsigner/main.go:171.4,172.18 2 0
github.com/bittensor-lab/btsigner/cmd/btsigner/main.go:172.18,178.5 1 0
github.com/bittensor-lab/btsigner/cmd/btsigner/main.go:180.4,181.18 2 0
github.com/bittensor-lab/btsigner/cmd/btsigner/main.go:181.18,185.5 1 0
github.com/bittensor-lab/btsigner/cmd/btsigner/main.go:187.4,193.10 2 0
github.com/bittensor-lab/btsigner/cmd/btsigner/main.go:197.3,197.19 1 0
github.com/bittensor-lab/btsigner/cmd/btsigner/main.go:197.19,201.72 2 0
github.com/bittensor-lab/btsigner/cmd/btsigner/main.go:201.72,203.5 1 0
github.com/bittensor-lab/btsigner/cmd/btsigner/main.go:203.10,207.19 3 0
github.com/bittensor-lab/btsigner/cmd/btsigner/main.go:207.19,209.6 1 0
github.com/bittensor-lab/btsigner/cmd/btsigner/main.go:210.5,210.18 1 0
github.com/bittensor-lab/btsigner/cmd/btsigner/main.go:213.4,214.18 2 0
github.com/bittensor-lab/btsigner/cmd/btsigner/main.go:214.18,218.5 1 0
github.com/bittensor-lab/btsigner/cmd/btsigner/main.go:220.4,223.17 2 0
github.com/bittensor-lab/btsigner/cmd/btsigner/main.go:223.17,225.19 2 0
github.com/bittensor-lab/btsigner/cmd/btsigner/main.go:225.19,229.6 1 0
github.com/bittensor-lab/btsigner/cmd/btsigner/main.go:231.5,233.11 3 0
github.com/bittensor-lab/btsigner/cmd/btsigner/main.go:235.9,238.24 2 0
github.com/bittensor-lab/btsigner/cmd/btsigner/main.go:238.24,240.5 1 0
github.com/bittensor-lab/btsigner/cmd/btsigner/main.go:242.4,243.30 2 0
github.com/bittensor-lab/btsigner/cmd/btsigner/main.go:243.30,245.5 1 0
github.com/bittensor-lab/btsigner/cmd/btsigner/main.go:247.4,249.56 3 0
github.com/bittensor-lab/btsigner/cmd/btsigner/main.go:249.56,251.5 1 0
github.com/bittensor-lab/btsigner/cmd/btsigner/main.go:253.4,256.72 2 0
github.com/bittensor-lab/btsigner/cmd/btsigner/main.go:256.72,258.5 1 0
github.com/bittensor-lab/btsigner/cmd/btsigner/main.go:258.10,262.19 3 0
github.com/bittensor-lab/btsigner/cmd/btsigner/main.go:262.19,264.6 1 0
github.com/bittensor-lab/btsigner/cmd/btsigner/main.go:265.5,265.18 1 0
github.com/bittensor-lab/btsigner/cmd/btsigner/main.go:268.4,269.18 2 0
github.com/bittensor-lab/btsigner/cmd/btsigner/main.go:269.18,273.5 1 0
github.com/bittensor-lab/btsigner/cmd/btsigner/main.go:275.4,275.49 1 0
github.com/bittensor-lab/btsigner/cmd/btsigner/main.go:278.3,278.30 1 0
github.com/bittensor-lab/btsigner/cmd/btsigner/main.go:279.8,282.14 1 0
github.com/bittensor-lab/btsigner/cmd/btsigner/main.go:282.14,286.72 2 0
github.com/bittensor-lab/btsigner/cmd/btsigner/main.go:286.72,290.95 2 0
github.com/bittensor-lab/btsigner/cmd/btsigner/main.go:290.95,292.6 1 0
github.com/bittensor-lab/btsigner/cmd/btsigner/main.go:292.11,294.6 1 0
github.com/bittensor-lab/btsigner/cmd/btsigner/main.go:295.10,299.19 3 0
github.com/bittensor-lab/btsigner/cmd/btsigner/main.go:299.19,301.6 1 0
github.com/bittensor-lab/btsigner/cmd/btsigner/main.go:302.5,306.19 4 0
github.com/bittensor-lab/btsigner/cmd/btsigner/main.go:306.19,308.6 1 0
github.com/bittensor-lab/btsigner/cmd/btsigner/main.go:309.5,309.18 1 0
github.com/bittensor-lab/btsigner/cmd/btsigner/main.go:312.4,312.51 1 0
github.com/bittensor-lab/btsigner/cmd/btsigner/main.go:312.51,314.5 1 0
github.com/bittensor-lab/btsigner/cmd/btsigner/main.go:316.4,316.93 1 0
github.com/bittensor-lab/btsigner/cmd/btsigner/main.go:316.93,318.5 1 0
github.com/bittensor-lab/btsigner/cmd/btsigner/main.go:319.4,319.18 1 0
github.com/bittensor-lab/btsigner/cmd/btsigner/main.go:319.18,321.5 1 0
github.com/bittensor-lab/btsigner/cmd/btsigner/main.go:323.4,325.18 3 0
github.com/bittensor-lab/btsigner/cmd/btsigner/main.go:325.18,327.5 1 0
github.com/bittensor-lab/btsigner/cmd/btsigner/main.go:329.4,333.10 2 0
github.com/bittensor-lab/btsigner/cmd/btsigner/main.go:337.3,340.71 2 0
github.com/bittensor-lab/btsigner/cmd/btsigner/main.go:340.71,342.4 1 0
github.com/bittensor-lab/btsigner/cmd/btsigner/main.go:342.9,346.18 3 0
github.com/bittensor-lab/btsigner/cmd/btsigner/main.go:346.18,348.5 1 0
github.com/bittensor-lab/btsigner/cmd/btsigner/main.go:349.4,349.17 1 0
github.com/bittensor-lab/btsigner/cmd/btsigner/main.go:353.3,354.17 2 0
github.com/bittensor-lab/btsigner/cmd/btsigner/main.go:354.17,356.4 1 0
github.com/bittensor-lab/btsigner/cmd/btsigner/main.go:359.3,359.16 1 0
github.com/bittensor-lab/btsigner/cmd/btsigner/main.go:359.16,361.18 2 0
github.com/bittensor-lab/btsigner/cmd/btsigner/main.go:361.18,363.5 1 0
github.com/bittensor-lab/btsigner/cmd/btsigner/main.go:365.4,367.10 3 0
github.com/bittensor-lab/btsigner/cmd/btsigner/main.go:371.2,375.16 3 0
github.com/bittensor-lab/btsigner/cmd/btsigner/main.go:375.16,377.3 1 0
github.com/bittensor-lab/btsigner/cmd/btsigner/main.go:379.2,388.12 5 0
github.com/bittensor-lab/btsigner/cmd/btsigner/main.go:388.12,392.3 3 0
github.com/bittensor-lab/btsigner/cmd/btsigner/main.go:394.2,394.34 1 0
github.com/bittensor-lab/btsigner/cmd/btsigner/main.go:394.34,396.3 1 0
github.com/bittensor-lab/btsigner/cmd/btclient/main.go:13.13,40.16 20 0
github.com/bittensor-lab/btsigner/cmd/btclient/main.go:40.16,43.3 2 0
github.com/bittensor-lab/btsigner/cmd/btclient/main.go:44.2,49.19 3 0
github.com/bittensor-lab/btsigner/cmd/btclient/main.go:49.19,51.17 2 0
github.com/bittensor-lab/btsigner/cmd/btclient/main.go:51.17,54.4 2 0
github.com/bittensor-lab/btsigner/cmd/btclient/main.go:56.3,57.45 2 0
github.com/bittensor-lab/btsigner/cmd/btclient/main.go:58.8,58.24 1 0
github.com/bittensor-lab/btsigner/cmd/btclient/main.go:58.24,60.17 2 0
github.com/bittensor-lab/btsigner/cmd/btclient/main.go:60.17,63.4 2 0
github.com/bittensor-lab/btsigner/cmd/btclient/main.go:65.3,66.19 2 0
github.com/bittensor-lab/btsigner/cmd/btclient/main.go:66.19,69.18 2 0
github.com/bittensor-lab/btsigner/cmd/btclient/main.go:69.18,72.5 2 0
github.com/bittensor-lab/btsigner/cmd/btclient/main.go:73.4,73.48 1 0
github.com/bittensor-lab/btsigner/cmd/btclient/main.go:74.9,77.18 2 0
github.com/bittensor-lab/btsigner/cmd/btclient/main.go:77.18,80.5 2 0
github.com/bittensor-lab/btsigner/cmd/btclient/main.go:83.3,83.43 1 0
github.com/bittensor-lab/btsigner/cmd/btclient/main.go:84.8,84.20 1 0
github.com/bittensor-lab/btsigner/cmd/btclient/main.go:84.20,85.44 1 0
github.com/bittensor-lab/btsigner/cmd/btclient/main.go:85.44,88.4 2 0
github.com/bittensor-lab/btsigner/cmd/btclient/main.go:90.3,90.35 1 0
github.com/bittensor-lab/btsigner/cmd/btclient/main.go:91.8,94.3 2 0
github.com/bittensor-lab/btsigner/scripts/test_keygen_and_signing.go:41.51,43.2 1 0
github.com/bittensor-lab/btsigner/scripts/test_keygen_and_signing.go:45.37,53.36 6 0
github.com/bittensor-lab/btsigner/scripts/test_keygen_and_signing.go:53.36,55.22 2 0
github.com/bittensor-lab/btsigner/scripts/test_keygen_and_signing.go:55.22,58.4 2 0
github.com/bittensor-lab/btsigner/scripts/test_keygen_and_signing.go:58.9,60.4 1 0
github.com/bittensor-lab/btsigner/scripts/test_keygen_and_signing.go:62.3,64.30 2 0
github.com/bittensor-lab/btsigner/scripts/test_keygen_and_signing.go:64.30,66.4 1 0
github.com/bittensor-lab/btsigner/scripts/test_keygen_and_signing.go:67.3,67.31 1 0
github.com/bittensor-lab/btsigner/scripts/test_keygen_and_signing.go:67.31,69.4 1 0
github.com/bittensor-lab/btsigner/scripts/test_keygen_and_signing.go:70.3,70.30 1 0
github.com/bittensor-lab/btsigner/scripts/test_keygen_and_signing.go:70.30,72.4 1 0
github.com/bittensor-lab/btsigner/scripts/test_keygen_and_signing.go:73.3,73.26 1 0
github.com/bittensor-lab/btsigner/scripts/test_keygen_and_signing.go:73.26,75.4 1 0
github.com/bittensor-lab/btsigner/scripts/test_keygen_and_signing.go:76.3,76.16 1 0
github.com/bittensor-lab/btsigner/scripts/test_keygen_and_signing.go:79.2,80.38 2 0
github.com/bittensor-lab/btsigner/scripts/test_keygen_and_signing.go:83.13,116.2 13 0
github.com/bittensor-lab/btsigner/scripts/test_keygen_and_signing.go:118.48,130.92 5 0
github.com/bittensor-lab/btsigner/scripts/test_keygen_and_signing.go:130.92,132.3 1 0
github.com/bittensor-lab/btsigner/scripts/test_keygen_and_signing.go:133.2,133.16 1 0
github.com/bittensor-lab/btsigner/scripts/test_keygen_and_signing.go:133.16,138.3 4 0
github.com/bittensor-lab/btsigner/scripts/test_keygen_and_signing.go:141.2,143.16 3 0
github.com/bittensor-lab/btsigner/scripts/test_keygen_and_signing.go:143.16,148.3 4 0
github.com/bittensor-lab/btsigner/scripts/test_keygen_and_signing.go:150.2,160.22 9 0
github.com/bittensor-lab/btsigner/scripts/test_keygen_and_signing.go:163.45,176.16 6 0
github.com/bittensor-lab/btsigner/scripts/test_keygen_and_signing.go:176.16,181.3 4 0
github.com/bittensor-lab/btsigner/scripts/test_keygen_and_signing.go:182.2,186.16 3 0
github.com/bittensor-lab/btsigner/scripts/test_keygen_and_signing.go:186.16,191.3 4 0
github.com/bittensor-lab/btsigner/scripts/test_keygen_and_signing.go:194.2,203.39 4 0
github.com/bittensor-lab/btsigner/scripts/test_keygen_and_signing.go:203.39,205.17 2 0
github.com/bittensor-lab/btsigner/scripts/test_keygen_and_signing.go:205.17,210.4 4 0
github.com/bittensor-lab/btsigner/scripts/test_keygen_and_signing.go:212.3,212.26 1 0
github.com/bittensor-lab/btsigner/scripts/test_keygen_and_signing.go:212.26,217.4 4 0
github.com/bittensor-lab/btsigner/scripts/test_keygen_and_signing.go:219.3,220.75 2 0
github.com/bittensor-lab/btsigner/scripts/test_keygen_and_signing.go:223.2,232.22 8 0
github.com/bittensor-lab/btsigner/scripts/test_keygen_and_signing.go:235.47,248.16 6 0
github.com/bittensor-lab/btsigner/scripts/test_keygen_and_signing.go:248.16,253.3 4 0
github.com/bittensor-lab/btsigner/scripts/test_keygen_and_signing.go:254.2,259.16 4 0
github.com/bittensor-lab/btsigner/scripts/test_keygen_and_signing.go:259.16,264.3 4 0
github.com/bittensor-lab/btsigner/scripts/test_keygen_and_signing.go:267.2,268.16 2 0
github.com/bittensor-lab/btsigner/scripts/test_keygen_and_signing.go:268.16,273.3 4 0
github.com/bittensor-lab/btsigner/scripts/test_keygen_and_signing.go:275.2,286.22 10 0
github.com/bittensor-lab/btsigner/scripts/test_keygen_and_signing.go:289.51,302.16 6 0
github.com/bittensor-lab/btsigner/scripts/test_keygen_and_signing.go:302.16,307.3 4 0
github.com/bittensor-lab/btsigner/scripts/test_keygen_and_signing.go:308.2,313.31 3 0
github.com/bittensor-lab/btsigner/scripts/test_keygen_and_signing.go:313.31,315.17 2 0
github.com/bittensor-lab/btsigner/scripts/test_keygen_and_signing.go:315.17,320.4 4 0
github.com/bittensor-lab/btsigner/scripts/test_keygen_and_signing.go:323.3,324.17 2 0
github.com/bittensor-lab/btsigner/scripts/test_keygen_and_signing.go:324.17,329.4 4 0
github.com/bittensor-lab/btsigner/scripts/test_keygen_and_signing.go:331.3,333.47 3 0
github.com/bittensor-lab/btsigner/scripts/test_keygen_and_signing.go:337.2,344.22 6 0
github.com/bittensor-lab/btsigner/scripts/test_keygen_and_signing.go:347.44,360.16 6 0
github.com/bittensor-lab/btsigner/scripts/test_keygen_and_signing.go:360.16,365.3 4 0
github.com/bittensor-lab/btsigner/scripts/test_keygen_and_signing.go:366.2,371.31 3 0
github.com/bittensor-lab/btsigner/scripts/test_keygen_and_signing.go:371.31,373.17 2 0
github.com/bittensor-lab/btsigner/scripts/test_keygen_and_signing.go:373.17,375.12 1 0
github.com/bittensor-lab/btsigner/scripts/test_keygen_and_signing.go:379.3,383.17 4 0
github.com/bittensor-lab/btsigner/scripts/test_keygen_and_signing.go:383.17,388.4 4 0
github.com/bittensor-lab/btsigner/scripts/test_keygen_and_signing.go:390.3,390.26 1 0
github.com/bittensor-lab/btsigner/scripts/test_keygen_and_signing.go:390.26,395.4 4 0
github.com/bittensor-lab/btsigner/scripts/test_keygen_and_signing.go:397.3,398.31 2 0
github.com/bittensor-lab/btsigner/scripts/test_keygen_and_signing.go:401.2,407.22 5 0
github.com/bittensor-lab/btsigner/scripts/test_keygen_and_signing.go:410.45,423.16 6 0
github.com/bittensor-lab/btsigner/scripts/test_keygen_and_signing.go:423.16,428.3 4 0
github.com/bittensor-lab/btsigner/scripts/test_keygen_and_signing.go:429.2,435.37 4 0
github.com/bittensor-lab/btsigner/scripts/test_keygen_and_signing.go:435.37,438.47 2 0
github.com/bittensor-lab/btsigner/scripts/test_keygen_and_signing.go:438.47,440.4 1 0
github.com/bittensor-lab/btsigner/scripts/test_keygen_and_signing.go:442.3,443.17 2 0
github.com/bittensor-lab/btsigner/scripts/test_keygen_and_signing.go:443.17,448.4 4 0
github.com/bittensor-lab/btsigner/scripts/test_keygen_and_signing.go:450.3,450.26 1 0
github.com/bittensor-lab/btsigner/scripts/test_keygen_and_signing.go:450.26,455.4 4 0
github.com/bittensor-lab/btsigner/scripts/test_keygen_and_signing.go:457.3,457.17 1 0
github.com/bittensor-lab/btsigner/scripts/test_keygen_and_signing.go:457.17,459.4 1 0
github.com/bittensor-lab/btsigner/scripts/test_keygen_and_signing.go:462.2,468.22 5 0
github.com/bittensor-lab/btsigner/scripts/test_keygen_and_signing.go:471.38,484.16 6 0
github.com/bittensor-lab/btsigner/scripts/test_keygen_and_signing.go:484.16,489.3 4 0
github.com/bittensor-lab/btsigner/scripts/test_keygen_and_signing.go:490.2,496.16 4 0
github.com/bittensor-lab/btsigner/scripts/test_keygen_and_signing.go:496.16,501.3 4 0
github.com/bittensor-lab/btsigner/scripts/test_keygen_and_signing.go:502.2,508.16 5 0
github.com/bittensor-lab/btsigner/scripts/test_keygen_and_signing.go:508.16,513.3 4 0
github.com/bittensor-lab/btsigner/scripts/test_keygen_and_signing.go:514.2,521.16 5 0
github.com/bittensor-lab/btsigner/scripts/test_keygen_and_signing.go:521.16,526.3 4 0
github.com/bittensor-lab/btsigner/scripts/test_keygen_and_signing.go:528.2,528.25 1 0
github.com/bittensor-lab/btsigner/scripts/test_keygen_and_signing.go:528.25,533.3 4 0
github.com/bittensor-lab/btsigner/scripts/test_keygen_and_signing.go:535.2,544.22 7 0
github.com/bittensor-lab/btsigner/scripts/test_keygen_and_signing.go:547.16,551.2 2 0
github.com/bittensor-lab/btsigner/scripts/test_keygen_and_signing.go:553.13,555.45 1 0
github.com/bittensor-lab/btsigner/scripts/test_keygen_and_signing.go:555.45,558.3 2 0
github.com/bittensor-lab/btsigner/proto/signer/v1/signer.pb.go:38.40,43.2 4 0
github.com/bittensor-lab/btsigner/proto/signer/v1/signer.pb.go:45.48,47.2 1 0
github.com/bittensor-lab/btsigner/proto/signer/v1/signer.pb.go:49.46,49.47 0 0
github.com/bittensor-lab/btsigner/proto/signer/v1/signer.pb.go:51.68,53.14 2 0
github.com/bittensor-lab/btsigner/proto/signer/v1/signer.pb.go:53.14,55.34 2 0
github.com/bittensor-lab/btsigner/proto/signer/v1/signer.pb.go:55.34,57.4 1 0
github.com/bittensor-lab/btsigner/proto/signer/v1/signer.pb.go:58.3,58.12 1 0
github.com/bittensor-lab/btsigner/proto/signer/v1/signer.pb.go:60.2,60.24 1 0
github.com/bittensor-lab/btsigner/proto/signer/v1/signer.pb.go:64.59,66.2 1 0
github.com/bittensor-lab/btsigner/proto/signer/v1/signer.pb.go:68.54,69.14 1 0
github.com/bittensor-lab/btsigner/proto/signer/v1/signer.pb.go:69.14,71.3 1 0
github.com/bittensor-lab/btsigner/proto/signer/v1/signer.pb.go:72.2,72.12 1 0
github.com/bittensor-lab/btsigner/proto/signer/v1/signer.pb.go:75.56,76.14 1 0
github.com/bittensor-lab/btsigner/proto/signer/v1/signer.pb.go:76.14,78.3 1 0
github.com/bittensor-lab/btsigner/proto/signer/v1/signer.pb.go:79.2,79.11 1 0
github.com/bittensor-lab/btsigner/proto/signer/v1/signer.pb.go:82.50,83.14 1 0
github.com/bittensor-lab/btsigner/proto/signer/v1/signer.pb.go:83.14,85.3 1 0
github.com/bittensor-lab/btsigner/proto/signer/v1/signer.pb.go:86.2,86.11 1 0
github.com/bittensor-lab/btsigner/proto/signer/v1/signer.pb.go:98.43,103.2 4 0
github.com/bittensor-lab/btsigner/proto/signer/v1/signer.pb.go:105.51,107.2 1 0
github.com/bittensor-lab/btsigner/proto/signer/v1/signer.pb.go:109.49,109.50 0 0
github.com/bittensor-lab/btsigner/proto/signer/v1/signer.pb.go:111.71,113.14 2 0
github.com/bittensor-lab/btsigner/proto/signer/v1/signer.pb.go:113.14,115.34 2 0
github.com/bittensor-lab/btsigner/proto/signer/v1/signer.pb.go:115.34,117.4 1 0
github.com/bittensor-lab/btsigner/proto/signer/v1/signer.pb.go:118.3,118.12 1 0
github.com/bittensor-lab/btsigner/proto/signer/v1/signer.pb.go:120.2,120.24 1 0
github.com/bittensor-lab/btsigner/proto/signer/v1/signer.pb.go:124.62,126.2 1 0
github.com/bittensor-lab/btsigner/proto/signer/v1/signer.pb.go:128.53,129.14 1 0
github.com/bittensor-lab/btsigner/proto/signer/v1/signer.pb.go:129.14,131.3 1 0
github.com/bittensor-lab/btsigner/proto/signer/v1/signer.pb.go:132.2,132.11 1 0
github.com/bittensor-lab/btsigner/proto/signer/v1/signer.pb.go:146.40,151.2 4 0
github.com/bittensor-lab/btsigner/proto/signer/v1/signer.pb.go:153.48,155.2 1 0
github.com/bittensor-lab/btsigner/proto/signer/v1/signer.pb.go:157.46,157.47 0 0
github.com/bittensor-lab/btsigner/proto/signer/v1/signer.pb.go:159.68,161.14 2 0
github.com/bittensor-lab/btsigner/proto/signer/v1/signer.pb.go:161.14,163.34 2 0
github.com/bittensor-lab/btsigner/proto/signer/v1/signer.pb.go:163.34,165.4 1 0
github.com/bittensor-lab/btsigner/proto/signer/v1/signer.pb.go:166.3,166.12 1 0
github.com/bittensor-lab/btsigner/proto/signer/v1/signer.pb.go:168.2,168.24 1 0
github.com/bittensor-lab/btsigner/proto/signer/v1/signer.pb.go:172.59,174.2 1 0
github.com/bittensor-lab/btsigner/proto/signer/v1/signer.pb.go:176.52,177.14 1 0
github.com/bittensor-lab/btsigner/proto/signer/v1/signer.pb.go:177.14,179.3 1 0
github.com/bittensor-lab/btsigner/proto/signer/v1/signer.pb.go:180.2,180.12 1 0
github.com/bittensor-lab/btsigner/proto/signer/v1/signer.pb.go:183.52,184.14 1 0
github.com/bittensor-lab/btsigner/proto/signer/v1/signer.pb.go:184.14,186.3 1 0
github.com/bittensor-lab/btsigner/proto/signer/v1/signer.pb.go:187.2,187.12 1 0
github.com/bittensor-lab/btsigner/proto/signer/v1/signer.pb.go:203.47,208.2 4 0
github.com/bittensor-lab/btsigner/proto/signer/v1/signer.pb.go:210.55,212.2 1 0
github.com/bittensor-lab/btsigner/proto/signer/v1/signer.pb.go:214.53,214.54 0 0
github.com/bittensor-lab/btsigner/proto/signer/v1/signer.pb.go:216.75,218.14 2 0
github.com/bittensor-lab/btsigner/proto/signer/v1/signer.pb.go:218.14,220.34 2 0
github.com/bittensor-lab/btsigner/proto/signer/v1/signer.pb.go:220.34,222.4 1 0
github.com/bittensor-lab/btsigner/proto/signer/v1/signer.pb.go:223.3,223.12 1 0
github.com/bittensor-lab/btsigner/proto/signer/v1/signer.pb.go:225.2,225.24 1 0
github.com/bittensor-lab/btsigner/proto/signer/v1/signer.pb.go:229.66,231.2 1 0
github.com/bittensor-lab/btsigner/proto/signer/v1/signer.pb.go:233.57,234.14 1 0
github.com/bittensor-lab/btsigner/proto/signer/v1/signer.pb.go:234.14,236.3 1 0
github.com/bittensor-lab/btsigner/proto/signer/v1/signer.pb.go:237.2,237.11 1 0
github.com/bittensor-lab/btsigner/proto/signer/v1/signer.pb.go:240.59,241.14 1 0
github.com/bittensor-lab/btsigner/proto/signer/v1/signer.pb.go:241.14,243.3 1 0
github.com/bittensor-lab/btsigner/proto/signer/v1/signer.pb.go:244.2,244.12 1 0
github.com/bittensor-lab/btsigner/proto/signer/v1/signer.pb.go:247.59,248.14 1 0
github.com/bittensor-lab/btsigner/proto/signer/v1/signer.pb.go:248.14,250.3 1 0
github.com/bittensor-lab/btsigner/proto/signer/v1/signer.pb.go:251.2,251.12 1 0
github.com/bittensor-lab/btsigner/proto/signer/v1/signer.pb.go:265.41,270.2 4 0
github.com/bittensor-lab/btsigner/proto/signer/v1/signer.pb.go:272.49,274.2 1 0
github.com/bittensor-lab/btsigner/proto/signer/v1/signer.pb.go:276.47,276.48 0 0
github.com/bittensor-lab/btsigner/proto/signer/v1/signer.pb.go:278.69,280.14 2 0
github.com/bittensor-lab/btsigner/proto/signer/v1/signer.pb.go:280.14,282.34 2 0
github.com/bittensor-lab/btsigner/proto/signer/v1/signer.pb.go:282.34,284.4 1 0
github.com/bittensor-lab/btsigner/proto/signer/v1/signer.pb.go:285.3,285.12 1 0
github.com/bittensor-lab/btsigner/proto/signer/v1/signer.pb.go:287.2,287.24 1 0
github.com/bittensor-lab/btsigner/proto/signer/v1/signer.pb.go:291.60,293.2 1 0
github.com/bittensor-lab/btsigner/proto/signer/v1/signer.pb.go:295.55,296.14 1 0
github.com/bittensor-lab/btsigner/proto/signer/v1/signer.pb.go:296.14,298.3 1 0
github.com/bittensor-lab/btsigner/proto/signer/v1/signer.pb.go:299.2,299.12 1 0
github.com/bittensor-lab/btsigner/proto/signer/v1/signer.pb.go:302.51,303.14 1 0
github.com/bittensor-lab/btsigner/proto/signer/v1/signer.pb.go:303.14,305.3 1 0
github.com/bittensor-lab/btsigner/proto/signer/v1/signer.pb.go:306.2,306.11 1 0
github.com/bittensor-lab/btsigner/proto/signer/v1/signer.pb.go:320.36,325.2 4 0
github.com/bittensor-lab/btsigner/proto/signer/v1/signer.pb.go:327.44,329.2 1 0
github.com/bittensor-lab/btsigner/proto/signer/v1/signer.pb.go:331.42,331.43 0 0
github.com/bittensor-lab/btsigner/proto/signer/v1/signer.pb.go:333.64,335.14 2 0
github.com/bittensor-lab/btsigner/proto/signer/v1/signer.pb.go:335.14,337.34 2 0
github.com/bittensor-lab/btsigner/proto/signer/v1/signer.pb.go:337.34,339.4 1 0
github.com/bittensor-lab/btsigner/proto/signer/v1/signer.pb.go:340.3,340.12 1 0
github.com/bittensor-lab/btsigner/proto/signer/v1/signer.pb.go:342.2,342.24 1 0
github.com/bittensor-lab/btsigner/proto/signer/v1/signer.pb.go:346.55,348.2 1 0
github.com/bittensor-lab/btsigner/proto/signer/v1/signer.pb.go:350.49,351.14 1 0
github.com/bittensor-lab/btsigner/proto/signer/v1/signer.pb.go:351.14,353.3 1 0
github.com/bittensor-lab/btsigner/proto/signer/v1/signer.pb.go:354.2,354.12 1 0
github.com/bittensor-lab/btsigner/proto/signer/v1/signer.pb.go:357.53,358.14 1 0
github.com/bittensor-lab/btsigner/proto/signer/v1/signer.pb.go:358.14,360.3 1 0
github.com/bittensor-lab/btsigner/proto/signer/v1/signer.pb.go:361.2,361.11 1 0
github.com/bittensor-lab/btsigner/proto/signer/v1/signer.pb.go:402.45,403.42 1 0
github.com/bittensor-lab/btsigner/proto/signer/v1/signer.pb.go:403.42,405.3 1 0
github.com/bittensor-lab/btsigner/proto/signer/v1/signer.pb.go:406.2,406.38 1 0
github.com/bittensor-lab/btsigner/proto/signer/v1/signer.pb.go:439.13,439.41 1 0
github.com/bittensor-lab/btsigner/proto/signer/v1/signer.pb.go:440.31,441.30 1 0
github.com/bittensor-lab/btsigner/proto/signer/v1/signer.pb.go:441.30,443.3 1 0
github.com/bittensor-lab/btsigner/proto/signer/v1/signer.pb.go:444.2,460.33 5 0
github.com/bittensor-lab/btsigner/proto/signer/v1/signer_grpc.pb.go:55.76,57.2 1 0
github.com/bittensor-lab/btsigner/proto/signer/v1/signer_grpc.pb.go:59.139,63.16 4 0
github.com/bittensor-lab/btsigner/proto/signer/v1/signer_grpc.pb.go:63.16,65.3 1 0
github.com/bittensor-lab/btsigner/proto/signer/v1/signer_grpc.pb.go:66.2,66.17 1 0
github.com/bittensor-lab/btsigner/proto/signer/v1/signer_grpc.pb.go:69.153,73.16 4 0
github.com/bittensor-lab/btsigner/proto/signer/v1/signer_grpc.pb.go:73.16,75.3 1 0
github.com/bittensor-lab/btsigner/proto/signer/v1/signer_grpc.pb.go:76.2,76.17 1 0
github.com/bittensor-lab/btsigner/proto/signer/v1/signer_grpc.pb.go:79.148,83.16 4 0
github.com/bittensor-lab/btsigner/proto/signer/v1/signer_grpc.pb.go:83.16,85.3 1 0
github.com/bittensor-lab/btsigner/proto/signer/v1/signer_grpc.pb.go:86.2,86.17 1 0
github.com/bittensor-lab/btsigner/proto/signer/v1/signer_grpc.pb.go:89.162,93.16 4 0
github.com/bittensor-lab/btsigner/proto/signer/v1/signer_grpc.pb.go:93.16,95.3 1 0
github.com/bittensor-lab/btsigner/proto/signer/v1/signer_grpc.pb.go:96.2,96.17 1 0
github.com/bittensor-lab/btsigner/proto/signer/v1/signer_grpc.pb.go:99.131,103.16 4 0
github.com/bittensor-lab/btsigner/proto/signer/v1/signer_grpc.pb.go:103.16,105.3 1 0
github.com/bittensor-lab/btsigner/proto/signer/v1/signer_grpc.pb.go:106.2,106.17 1 0
github.com/bittensor-lab/btsigner/proto/signer/v1/signer_grpc.pb.go:109.126,113.16 4 0
github.com/bittensor-lab/btsigner/proto/signer/v1/signer_grpc.pb.go:113.16,115.3 1 0
github.com/bittensor-lab/btsigner/proto/signer/v1/signer_grpc.pb.go:116.2,116.17 1 0
github.com/bittensor-lab/btsigner/proto/signer/v1/signer_grpc.pb.go:147.117,149.2 1 0
github.com/bittensor-lab/btsigner/proto/signer/v1/signer_grpc.pb.go:150.131,152.2 1 0
github.com/bittensor-lab/btsigner/proto/signer/v1/signer_grpc.pb.go:153.126,155.2 1 0
github.com/bittensor-lab/btsigner/proto/signer/v1/signer_grpc.pb.go:156.140,158.2 1 0
github.com/bittensor-lab/btsigner/proto/signer/v1/signer_grpc.pb.go:159.109,161.2 1 0
github.com/bittensor-lab/btsigner/proto/signer/v1/signer_grpc.pb.go:162.104,164.2 1 0
github.com/bittensor-lab/btsigner/proto/signer/v1/signer_grpc.pb.go:165.84,165.85 0 0
github.com/bittensor-lab/btsigner/proto/signer/v1/signer_grpc.pb.go:166.84,166.85 0 0
github.com/bittensor-lab/btsigner/proto/signer/v1/signer_grpc.pb.go:175.82,180.59 1 0
github.com/bittensor-lab/btsigner/proto/signer/v1/signer_grpc.pb.go:180.59,182.3 1 0
github.com/bittensor-lab/btsigner/proto/signer/v1/signer_grpc.pb.go:183.2,183.51 1 0
github.com/bittensor-lab/btsigner/proto/signer/v1/signer_grpc.pb.go:186.170,188.32 2 0
github.com/bittensor-lab/btsigner/proto/signer/v1/signer_grpc.pb.go:188.32,190.3 1 0
github.com/bittensor-lab/btsigner/proto/signer/v1/signer_grpc.pb.go:191.2,191.24 1 0
github.com/bittensor-lab/btsigner/proto/signer/v1/signer_grpc.pb.go:191.24,193.3 1 0
github.com/bittensor-lab/btsigner/proto/signer/v1/signer_grpc.pb.go:194.2,198.77 2 0
github.com/bittensor-lab/btsigner/proto/signer/v1/signer_grpc.pb.go:198.77,200.3 1 0
github.com/bittensor-lab/btsigner/proto/signer/v1/signer_grpc.pb.go:201.2,201.44 1 0
github.com/bittensor-lab/btsigner/proto/signer/v1/signer_grpc.pb.go:204.174,206.32 2 0
github.com/bittensor-lab/btsigner/proto/signer/v1/signer_grpc.pb.go:206.32,208.3 1 0
github.com/bittensor-lab/btsigner/proto/signer/v1/signer_grpc.pb.go:209.2,209.24 1 0
github.com/bittensor-lab/btsigner/proto/signer/v1/signer_grpc.pb.go:209.24,211.3 1 0
github.com/bittensor-lab/btsigner/proto/signer/v1/signer_grpc.pb.go:212.2,216.77 2 0
github.com/bittensor-lab/btsigner/proto/signer/v1/signer_grpc.pb.go:216.77,218.3 1 0
github.com/bittensor-lab/btsigner/proto/signer/v1/signer_grpc.pb.go:219.2,219.44 1 0
github.com/bittensor-lab/btsigner/proto/signer/v1/signer_grpc.pb.go:222.171,224.32 2 0
github.com/bittensor-lab/btsigner/proto/signer/v1/signer_grpc.pb.go:224.32,226.3 1 0
github.com/bittensor-lab/btsigner/proto/signer/v1/signer_grpc.pb.go:227.2,227.24 1 0
github.com/bittensor-lab/btsigner/proto/signer/v1/signer_grpc.pb.go:227.24,229.3 1 0
github.com/bittensor-lab/btsigner/proto/signer/v1/signer_grpc.pb.go:230.2,234.77 2 0
github.com/bittensor-lab/btsigner/proto/signer/v1/signer_grpc.pb.go:234.77,236.3 1 0
github.com/bittensor-lab/btsigner/proto/signer/v1/signer_grpc.pb.go:237.2,237.44 1 0
github.com/bittensor-lab/btsigner/proto/signer/v1/signer_grpc.pb.go:240.178,242.32 2 0
github.com/bittensor-lab/btsigner/proto/signer/v1/signer_grpc.pb.go:242.32,244.3 1 0
github.com/bittensor-lab/btsigner/proto/signer/v1/signer_grpc.pb.go:245.2,245.24 1 0
github.com/bittensor-lab/btsigner/proto/signer/v1/signer_grpc.pb.go:245.24,247.3 1 0
github.com/bittensor-lab/btsigner/proto/signer/v1/signer_grpc.pb.go:248.2,252.77 2 0
github.com/bittensor-lab/btsigner/proto/signer/v1/signer_grpc.pb.go:252.77,254.3 1 0
github.com/bittensor-lab/btsigner/proto/signer/v1/signer_grpc.pb.go:255.2,255.44 1 0
github.com/bittensor-lab/btsigner/proto/signer/v1/signer_grpc.pb.go:258.166,260.32 2 0
github.com/bittensor-lab/btsigner/proto/signer/v1/signer_grpc.pb.go:260.32,262.3 1 0
github.com/bittensor-lab/btsigner/proto/signer/v1/signer_grpc.pb.go:263.2,263.24 1 0
github.com/bittensor-lab/btsigner/proto/signer/v1/signer_grpc.pb.go:263.24,265.3 1 0
github.com/bittensor-lab/btsigner/proto/signer/v1/signer_grpc.pb.go:266.2,270.77 2 0
github.com/bittensor-lab/btsigner/proto/signer/v1/signer_grpc.pb.go:270.77,272.3 1 0
github.com/bittensor-lab/btsigner/proto/signer/v1/signer_grpc.pb.go:273.2,273.44 1 0
github.com/bittensor-lab/btsigner/proto/signer/v1/signer_grpc.pb.go:276.164,278.32 2 0
github.com/bittensor-lab/btsigner/proto/signer/v1/signer_grpc.pb.go:278.32,280.3 1 0
github.com/bittensor-lab/btsigner/proto/signer/v1/signer_grpc.pb.go:281.2,281.24 1 0
github.com/bittensor-lab/btsigner/proto/signer/v1/signer_grpc.pb.go:281.24,283.3 1 0
github.com/bittensor-lab/btsigner/proto/signer/v1/signer_grpc.pb.go:284.2,288.77 2 0
github.com/bittensor-lab/btsigner/proto/signer/v1/signer_grpc.pb.go:288.77,290.3 1 0
github.com/bittensor-lab/btsigner/proto/signer/v1/signer_grpc.pb.go:291.2,291.44 1 0
github.com/bittensor-lab/btsigner/proto/signer.pb.go:38.40,43.2 4 0
github.com/bittensor-lab/btsigner/proto/signer.pb.go:45.48,47.2 1 0
github.com/bittensor-lab/btsigner/proto/signer.pb.go:49.46,49.47 0 0
github.com/bittensor-lab/btsigner/proto/signer.pb.go:51.68,53.14 2 0
github.com/bittensor-lab/btsigner/proto/signer.pb.go:53.14,55.34 2 0
github.com/bittensor-lab/btsigner/proto/signer.pb.go:55.34,57.4 1 0
github.com/bittensor-lab/btsigner/proto/signer.pb.go:58.3,58.12 1 0
github.com/bittensor-lab/btsigner/proto/signer.pb.go:60.2,60.24 1 0
github.com/bittensor-lab/btsigner/proto/signer.pb.go:64.59,66.2 1 0
github.com/bittensor-lab/btsigner/proto/signer.pb.go:68.54,69.14 1 0
github.com/bittensor-lab/btsigner/proto/signer.pb.go:69.14,71.3 1 0
github.com/bittensor-lab/btsigner/proto/signer.pb.go:72.2,72.12 1 0
github.com/bittensor-lab/btsigner/proto/signer.pb.go:75.56,76.14 1 0
github.com/bittensor-lab/btsigner/proto/signer.pb.go:76.14,78.3 1 0
github.com/bittensor-lab/btsigner/proto/signer.pb.go:79.2,79.11 1 0
github.com/bittensor-lab/btsigner/proto/signer.pb.go:82.50,83.14 1 0
github.com/bittensor-lab/btsigner/proto/signer.pb.go:83.14,85.3 1 0
github.com/bittensor-lab/btsigner/proto/signer.pb.go:86.2,86.11 1 0
github.com/bittensor-lab/btsigner/proto/signer.pb.go:98.43,103.2 4 0
github.com/bittensor-lab/btsigner/proto/signer.pb.go:105.51,107.2 1 0
github.com/bittensor-lab/btsigner/proto/signer.pb.go:109.49,109.50 0 0
github.com/bittensor-lab/btsigner/proto/signer.pb.go:111.71,113.14 2 0
github.com/bittensor-lab/btsigner/proto/signer.pb.go:113.14,115.34 2 0
github.com/bittensor-lab/btsigner/proto/signer.pb.go:115.34,117.4 1 0
github.com/bittensor-lab/btsigner/proto/signer.pb.go:118.3,118.12 1 0
github.com/bittensor-lab/btsigner/proto/signer.pb.go:120.2,120.24 1 0
github.com/bittensor-lab/btsigner/proto/signer.pb.go:124.62,126.2 1 0
github.com/bittensor-lab/btsigner/proto/signer.pb.go:128.53,129.14 1 0
github.com/bittensor-lab/btsigner/proto/signer.pb.go:129.14,131.3 1 0
github.com/bittensor-lab/btsigner/proto/signer.pb.go:132.2,132.11 1 0
github.com/bittensor-lab/btsigner/proto/signer.pb.go:146.40,151.2 4 0
github.com/bittensor-lab/btsigner/proto/signer.pb.go:153.48,155.2 1 0
github.com/bittensor-lab/btsigner/proto/signer.pb.go:157.46,157.47 0 0
github.com/bittensor-lab/btsigner/proto/signer.pb.go:159.68,161.14 2 0
github.com/bittensor-lab/btsigner/proto/signer.pb.go:161.14,163.34 2 0
github.com/bittensor-lab/btsigner/proto/signer.pb.go:163.34,165.4 1 0
github.com/bittensor-lab/btsigner/proto/signer.pb.go:166.3,166.12 1 0
github.com/bittensor-lab/btsigner/proto/signer.pb.go:168.2,168.24 1 0
github.com/bittensor-lab/btsigner/proto/signer.pb.go:172.59,174.2 1 0
github.com/bittensor-lab/btsigner/proto/signer.pb.go:176.52,177.14 1 0
github.com/bittensor-lab/btsigner/proto/signer.pb.go:177.14,179.3 1 0
github.com/bittensor-lab/btsigner/proto/signer.pb.go:180.2,180.12 1 0
github.com/bittensor-lab/btsigner/proto/signer.pb.go:183.52,184.14 1 0
github.com/bittensor-lab/btsigner/proto/signer.pb.go:184.14,186.3 1 0
github.com/bittensor-lab/btsigner/proto/signer.pb.go:187.2,187.12 1 0
github.com/bittensor-lab/btsigner/proto/signer.pb.go:203.47,208.2 4 0
github.com/bittensor-lab/btsigner/proto/signer.pb.go:210.55,212.2 1 0
github.com/bittensor-lab/btsigner/proto/signer.pb.go:214.53,214.54 0 0
github.com/bittensor-lab/btsigner/proto/signer.pb.go:216.75,218.14 2 0
github.com/bittensor-lab/btsigner/proto/signer.pb.go:218.14,220.34 2 0
github.com/bittensor-lab/btsigner/proto/signer.pb.go:220.34,222.4 1 0
github.com/bittensor-lab/btsigner/proto/signer.pb.go:223.3,223.12 1 0
github.com/bittensor-lab/btsigner/proto/signer.pb.go:225.2,225.24 1 0
github.com/bittensor-lab/btsigner/proto/signer.pb.go:229.66,231.2 1 0
github.com/bittensor-lab/btsigner/proto/signer.pb.go:233.57,234.14 1 0
github.com/bittensor-lab/btsigner/proto/signer.pb.go:234.14,236.3 1 0
github.com/bittensor-lab/btsigner/proto/signer.pb.go:237.2,237.11 1 0
github.com/bittensor-lab/btsigner/proto/signer.pb.go:240.59,241.14 1 0
github.com/bittensor-lab/btsigner/proto/signer.pb.go:241.14,243.3 1 0
github.com/bittensor-lab/btsigner/proto/signer.pb.go:244.2,244.12 1 0
github.com/bittensor-lab/btsigner/proto/signer.pb.go:247.59,248.14 1 0
github.com/bittensor-lab/btsigner/proto/signer.pb.go:248.14,250.3 1 0
github.com/bittensor-lab/btsigner/proto/signer.pb.go:251.2,251.12 1 0
github.com/bittensor-lab/btsigner/proto/signer.pb.go:265.41,270.2 4 0
github.com/bittensor-lab/btsigner/proto/signer.pb.go:272.49,274.2 1 0
github.com/bittensor-lab/btsigner/proto/signer.pb.go:276.47,276.48 0 0
github.com/bittensor-lab/btsigner/proto/signer.pb.go:278.69,280.14 2 0
github.com/bittensor-lab/btsigner/proto/signer.pb.go:280.14,282.34 2 0
github.com/bittensor-lab/btsigner/proto/signer.pb.go:282.34,284.4 1 0
github.com/bittensor-lab/btsigner/proto/signer.pb.go:285.3,285.12 1 0
github.com/bittensor-lab/btsigner/proto/signer.pb.go:287.2,287.24 1 0
github.com/bittensor-lab/btsigner/proto/signer.pb.go:291.60,293.2 1 0
github.com/bittensor-lab/btsigner/proto/signer.pb.go:295.55,296.14 1 0
github.com/bittensor-lab/btsigner/proto/signer.pb.go:296.14,298.3 1 0
github.com/bittensor-lab/btsigner/proto/signer.pb.go:299.2,299.12 1 0
github.com/bittensor-lab/btsigner/proto/signer.pb.go:302.51,303.14 1 0
github.com/bittensor-lab/btsigner/proto/signer.pb.go:303.14,305.3 1 0
github.com/bittensor-lab/btsigner/proto/signer.pb.go:306.2,306.11 1 0
github.com/bittensor-lab/btsigner/proto/signer.pb.go:320.36,325.2 4 0
github.com/bittensor-lab/btsigner/proto/signer.pb.go:327.44,329.2 1 0
github.com/bittensor-lab/btsigner/proto/signer.pb.go:331.42,331.43 0 0
github.com/bittensor-lab/btsigner/proto/signer.pb.go:333.64,335.14 2 0
github.com/bittensor-lab/btsigner/proto/signer.pb.go:335.14,337.34 2 0
github.com/bittensor-lab/btsigner/proto/signer.pb.go:337.34,339.4 1 0
github.com/bittensor-lab/btsigner/proto/signer.pb.go:340.3,340.12 1 0
github.com/bittensor-lab/btsigner/proto/signer.pb.go:342.2,342.24 1 0
github.com/bittensor-lab/btsigner/proto/signer.pb.go:346.55,348.2 1 0
github.com/bittensor-lab/btsigner/proto/signer.pb.go:350.49,351.14 1 0
github.com/bittensor-lab/btsigner/proto/signer.pb.go:351.14,353.3 1 0
github.com/bittensor-lab/btsigner/proto/signer.pb.go:354.2,354.12 1 0
github.com/bittensor-lab/btsigner/proto/signer.pb.go:357.53,358.14 1 0
github.com/bittensor-lab/btsigner/proto/signer.pb.go:358.14,360.3 1 0
github.com/bittensor-lab/btsigner/proto/signer.pb.go:361.2,361.11 1 0
github.com/bittensor-lab/btsigner/proto/signer.pb.go:402.51,403.48 1 0
github.com/bittensor-lab/btsigner/proto/signer.pb.go:403.48,405.3 1 0
github.com/bittensor-lab/btsigner/proto/signer.pb.go:406.2,406.44 1 0
github.com/bittensor-lab/btsigner/proto/signer.pb.go:439.13,439.47 1 0
github.com/bittensor-lab/btsigner/proto/signer.pb.go:440.37,441.36 1 0
github.com/bittensor-lab/btsigner/proto/signer.pb.go:441.36,443.3 1 0
github.com/bittensor-lab/btsigner/proto/signer.pb.go:444.2,460.39 5 0
github.com/bittensor-lab/btsigner/proto/signer_grpc.pb.go:55.76,57.2 1 0
github.com/bittensor-lab/btsigner/proto/signer_grpc.pb.go:59.139,63.16 4 0
github.com/bittensor-lab/btsigner/proto/signer_grpc.pb.go:63.16,65.3 1 0
github.com/bittensor-lab/btsigner/proto/signer_grpc.pb.go:66.2,66.17 1 0
github.com/bittensor-lab/btsigner/proto/signer_grpc.pb.go:69.153,73.16 4 0
github.com/bittensor-lab/btsigner/proto/signer_grpc.pb.go:73.16,75.3 1 0
github.com/bittensor-lab/btsigner/proto/signer_grpc.pb.go:76.2,76.17 1 0
github.com/bittensor-lab/btsigner/proto/signer_grpc.pb.go:79.148,83.16 4 0
github.com/bittensor-lab/btsigner/proto/signer_grpc.pb.go:83.16,85.3 1 0
github.com/bittensor-lab/btsigner/proto/signer_grpc.pb.go:86.2,86.17 1 0
github.com/bittensor-lab/btsigner/proto/signer_grpc.pb.go:89.162,93.16 4 0
github.com/bittensor-lab/btsigner/proto/signer_grpc.pb.go:93.16,95.3 1 0
github.com/bittensor-lab/btsigner/proto/signer_grpc.pb.go:96.2,96.17 1 0
github.com/bittensor-lab/btsigner/proto/signer_grpc.pb.go:99.131,103.16 4 0
github.com/bittensor-lab/btsigner/proto/signer_grpc.pb.go:103.16,105.3 1 0
github.com/bittensor-lab/btsigner/proto/signer_grpc.pb.go:106.2,106.17 1 0
github.com/bittensor-lab/btsigner/proto/signer_grpc.pb.go:109.126,113.16 4 0
github.com/bittensor-lab/btsigner/proto/signer_grpc.pb.go:113.16,115.3 1 0
github.com/bittensor-lab/btsigner/proto/signer_grpc.pb.go:116.2,116.17 1 0
github.com/bittensor-lab/btsigner/proto/signer_grpc.pb.go:147.117,149.2 1 0
github.com/bittensor-lab/btsigner/proto/signer_grpc.pb.go:150.131,152.2 1 0
github.com/bittensor-lab/btsigner/proto/signer_grpc.pb.go:153.126,155.2 1 0
github.com/bittensor-lab/btsigner/proto/signer_grpc.pb.go:156.140,158.2 1 0
github.com/bittensor-lab/btsigner/proto/signer_grpc.pb.go:159.109,161.2 1 0
github.com/bittensor-lab/btsigner/proto/signer_grpc.pb.go:162.104,164.2 1 0
github.com/bittensor-lab/btsigner/proto/signer_grpc.pb.go:165.84,165.85 0 0
github.com/bittensor-lab/btsigner/proto/signer_grpc.pb.go:166.84,166.85 0 0
github.com/bittensor-lab/btsigner/proto/signer_grpc.pb.go:175.82,180.59 1 0
github.com/bittensor-lab/btsigner/proto/signer_grpc.pb.go:180.59,182.3 1 0
github.com/bittensor-lab/btsigner/proto/signer_grpc.pb.go:183.2,183.51 1 0
github.com/bittensor-lab/btsigner/proto/signer_grpc.pb.go:186.170,188.32 2 0
github.com/bittensor-lab/btsigner/proto/signer_grpc.pb.go:188.32,190.3 1 0
github.com/bittensor-lab/btsigner/proto/signer_grpc.pb.go:191.2,191.24 1 0
github.com/bittensor-lab/btsigner/proto/signer_grpc.pb.go:191.24,193.3 1 0
github.com/bittensor-lab/btsigner/proto/signer_grpc.pb.go:194.2,198.77 2 0
github.com/bittensor-lab/btsigner/proto/signer_grpc.pb.go:198.77,200.3 1 0
github.com/bittensor-lab/btsigner/proto/signer_grpc.pb.go:201.2,201.44 1 0
github.com/bittensor-lab/btsigner/proto/signer_grpc.pb.go:204.174,206.32 2 0
github.com/bittensor-lab/btsigner/proto/signer_grpc.pb.go:206.32,208.3 1 0
github.com/bittensor-lab/btsigner/proto/signer_grpc.pb.go:209.2,209.24 1 0
github.com/bittensor-lab/btsigner/proto/signer_grpc.pb.go:209.24,211.3 1 0
github.com/bittensor-lab/btsigner/proto/signer_grpc.pb.go:212.2,216.77 2 0
github.com/bittensor-lab/btsigner/proto/signer_grpc.pb.go:216.77,218.3 1 0
github.com/bittensor-lab/btsigner/proto/signer_grpc.pb.go:219.2,219.44 1 0
github.com/bittensor-lab/btsigner/proto/signer_grpc.pb.go:222.171,224.32 2 0
github.com/bittensor-lab/btsigner/proto/signer_grpc.pb.go:224.32,226.3 1 0
github.com/bittensor-lab/btsigner/proto/signer_grpc.pb.go:227.2,227.24 1 0
github.com/bittensor-lab/btsigner/proto/signer_grpc.pb.go:227.24,229.3 1 0
github.com/bittensor-lab/btsigner/proto/signer_grpc.pb.go:230.2,234.77 2 0
github.com/bittensor-lab/btsigner/proto/signer_grpc.pb.go:234.77,236.3 1 0
github.com/bittensor-lab/btsigner/proto/signer_grpc.pb.go:237.2,237.44 1 0
github.com/bittensor-lab/btsigner/proto/signer_grpc.pb.go:240.178,242.32 2 0
github.com/bittensor-lab/btsigner/proto/signer_grpc.pb.go:242.32,244.3 1 0
github.com/bittensor-lab/btsigner/proto/signer_grpc.pb.go:245.2,245.24 1 0
github.com/bittensor-lab/btsigner/proto/signer_grpc.pb.go:245.24,247.3 1 0
github.com/bittensor-lab/btsigner/proto/signer_grpc.pb.go:248.2,252.77 2 0
github.com/bittensor-lab/btsigner/proto/signer_grpc.pb.go:252.77,254.3 1 0
github.com/bittensor-lab/btsigner/proto/signer_grpc.pb.go:255.2,255.44 1 0
github.com/bittensor-lab/btsigner/proto/signer_grpc.pb.go:258.166,260.32 2 0
github.com/bittensor-lab/btsigner/proto/signer_grpc.pb.go:260.32,262.3 1 0
github.com/bittensor-lab/btsigner/proto/signer_grpc.pb.go:263.2,263.24 1 0
github.com/bittensor-lab/btsigner/proto/signer_grpc.pb.go:263.24,265.3 1 0
github.com/bittensor-lab/btsigner/proto/signer_grpc.pb.go:266.2,270.77 2 0
github.com/bittensor-lab/btsigner/proto/signer_grpc.pb.go:270.77,272.3 1 0
github.com/bittensor-lab/btsigner/proto/signer_grpc.pb.go:273.2,273.44 1 0
github.com/bittensor-lab/btsigner/proto/signer_grpc.pb.go:276.164,278.32 2 0
github.com/bittensor-lab/btsigner/proto/signer_grpc.pb.go:278.32,280.3 1 0
github.com/bittensor-lab/btsigner/proto/signer_grpc.pb.go:281.2,281.24 1 0
github.com/bittensor-lab/btsigner/proto/signer_grpc.pb.go:281.24,283.3 1 0
github.com/bittensor-lab/btsigner/proto/signer_grpc.pb.go:284.2,288.77 2 0
github.com/bittensor-lab/btsigner/proto/signer_grpc.pb.go:288.77,290.3 1 0
github.com/bittensor-lab/btsigner/proto/signer_grpc.pb.go:291.2,291.44 1 0
github.com/bittensor-lab/btsigner/internal/config/config.go:47.47,50.16 3 1
github.com/bittensor-lab/btsigner/internal/config/config.go:50.16,52.3 1 1
github.com/bittensor-lab/btsigner/internal/config/config.go:54.2,57.28 2 1
github.com/bittensor-lab/btsigner/internal/config/config.go:58.23,59.52 1 1
github.com/bittensor-lab/btsigner/internal/config/config.go:59.52,61.4 1 1
github.com/bittensor-lab/btsigner/internal/config/config.go:62.15,63.52 1 1
github.com/bittensor-lab/btsigner/internal/config/config.go:63.52,65.4 1 1
github.com/bittensor-lab/btsigner/internal/config/config.go:66.10,67.78 1 1
github.com/bittensor-lab/btsigner/internal/config/config.go:71.2,71.30 1 1
github.com/bittensor-lab/btsigner/internal/config/config.go:71.30,73.3 1 1
github.com/bittensor-lab/btsigner/internal/config/config.go:75.2,75.54 1 1
github.com/bittensor-lab/btsigner/internal/config/config.go:75.54,77.3 1 1
github.com/bittensor-lab/btsigner/internal/config/config.go:79.2,79.25 1 1
github.com/bittensor-lab/btsigner/internal/config/config.go:79.25,81.3 1 1
github.com/bittensor-lab/btsigner/internal/config/config.go:83.2,83.26 1 1
github.com/bittensor-lab/btsigner/internal/config/config.go:83.26,85.3 1 1
github.com/bittensor-lab/btsigner/internal/config/config.go:87.2,87.18 1 1
github.com/bittensor-lab/btsigner/internal/config/config.go:91.30,104.2 10 1
github.com/bittensor-lab/btsigner/internal/config/tls.go:21.54,22.20 1 0
github.com/bittensor-lab/btsigner/internal/config/tls.go:22.20,24.3 1 0
github.com/bittensor-lab/btsigner/internal/config/tls.go:26.2,27.16 2 0
github.com/bittensor-lab/btsigner/internal/config/tls.go:27.16,29.3 1 0
github.com/bittensor-lab/btsigner/internal/config/tls.go:31.2,32.22 2 0
github.com/bittensor-lab/btsigner/internal/config/tls.go:32.22,34.17 2 0
github.com/bittensor-lab/btsigner/internal/config/tls.go:34.17,36.4 1 0
github.com/bittensor-lab/btsigner/internal/config/tls.go:38.3,39.45 2 0
github.com/bittensor-lab/btsigner/internal/config/tls.go:39.45,41.4 1 0
github.com/bittensor-lab/btsigner/internal/config/tls.go:44.2,45.16 2 0
github.com/bittensor-lab/btsigner/internal/config/tls.go:45.16,47.3 1 0
github.com/bittensor-lab/btsigner/internal/config/tls.go:49.2,50.16 2 0
github.com/bittensor-lab/btsigner/internal/config/tls.go:50.16,52.3 1 0
github.com/bittensor-lab/btsigner/internal/config/tls.go:54.2,60.8 1 0
github.com/bittensor-lab/btsigner/internal/config/tls.go:63.54,64.17 1 0
github.com/bittensor-lab/btsigner/internal/config/tls.go:65.13,66.31 1 0
github.com/bittensor-lab/btsigner/internal/config/tls.go:67.13,68.31 1 0
github.com/bittensor-lab/btsigner/internal/config/tls.go:69.10,70.31 1 0
github.com/bittensor-lab/btsigner/internal/config/tls.go:74.59,75.22 1 0
github.com/bittensor-lab/btsigner/internal/config/tls.go:75.22,77.3 1 0
github.com/bittensor-lab/btsigner/internal/config/tls.go:79.2,80.31 2 0
github.com/bittensor-lab/btsigner/internal/config/tls.go:80.31,82.10 2 0
github.com/bittensor-lab/btsigner/internal/config/tls.go:82.10,84.4 1 0
github.com/bittensor-lab/btsigner/internal/config/tls.go:85.3,85.34 1 0
github.com/bittensor-lab/btsigner/internal/config/tls.go:87.2,87.22 1 0
github.com/bittensor-lab/btsigner/internal/crypto/keystore.go:46.54,48.52 1 1
github.com/bittensor-lab/btsigner/internal/crypto/keystore.go:48.52,50.3 1 1
github.com/bittensor-lab/btsigner/internal/crypto/keystore.go:52.2,60.49 3 1
github.com/bittensor-lab/btsigner/internal/crypto/keystore.go:60.49,63.17 3 1
github.com/bittensor-lab/btsigner/internal/crypto/keystore.go:63.17,65.4 1 0
github.com/bittensor-lab/btsigner/internal/crypto/keystore.go:67.3,67.57 1 1
github.com/bittensor-lab/btsigner/internal/crypto/keystore.go:67.57,69.4 1 1
github.com/bittensor-lab/btsigner/internal/crypto/keystore.go:70.8,73.17 2 1
github.com/bittensor-lab/btsigner/internal/crypto/keystore.go:73.17,75.4 1 0
github.com/bittensor-lab/btsigner/internal/crypto/keystore.go:77.3,77.64 1 1
github.com/bittensor-lab/btsigner/internal/crypto/keystore.go:77.64,79.4 1 1
github.com/bittensor-lab/btsigner/internal/crypto/keystore.go:82.2,86.8 1 1
github.com/bittensor-lab/btsigner/internal/crypto/keystore.go:90.42,93.16 3 1
github.com/bittensor-lab/btsigner/internal/crypto/keystore.go:93.16,95.3 1 0
github.com/bittensor-lab/btsigner/internal/crypto/keystore.go:97.2,97.47 1 1
github.com/bittensor-lab/btsigner/internal/crypto/keystore.go:101.116,102.14 1 1
github.com/bittensor-lab/btsigner/internal/crypto/keystore.go:102.14,104.3 1 1
github.com/bittensor-lab/btsigner/internal/crypto/keystore.go:106.2,110.53 3 1
github.com/bittensor-lab/btsigner/internal/crypto/keystore.go:110.53,112.3 1 1
github.com/bittensor-lab/btsigner/internal/crypto/keystore.go:115.2,115.40 1 1
github.com/bittensor-lab/btsigner/internal/crypto/keystore.go:115.40,117.3 1 1
github.com/bittensor-lab/btsigner/internal/crypto/keystore.go:120.2,125.16 4 1
github.com/bittensor-lab/btsigner/internal/crypto/keystore.go:125.16,127.3 1 1
github.com/bittensor-lab/btsigner/internal/crypto/keystore.go:130.2,134.42 3 1
github.com/bittensor-lab/btsigner/internal/crypto/keystore.go:134.42,136.3 1 1
github.com/bittensor-lab/btsigner/internal/crypto/keystore.go:139.2,141.21 2 1
github.com/bittensor-lab/btsigner/internal/crypto/keystore.go:145.112,146.14 1 1
github.com/bittensor-lab/btsigner/internal/crypto/keystore.go:146.14,148.3 1 1
github.com/bittensor-lab/btsigner/internal/crypto/keystore.go:150.2,154.44 3 1
github.com/bittensor-lab/btsigner/internal/crypto/keystore.go:154.44,156.3 1 1
github.com/bittensor-lab/btsigner/internal/crypto/keystore.go:159.2,160.13 2 1
github.com/bittensor-lab/btsigner/internal/crypto/keystore.go:160.13,162.3 1 1
github.com/bittensor-lab/btsigner/internal/crypto/keystore.go:165.2,167.16 3 1
github.com/bittensor-lab/btsigner/internal/crypto/keystore.go:167.16,169.3 1 1
github.com/bittensor-lab/btsigner/internal/crypto/keystore.go:172.2,174.21 2 1
github.com/bittensor-lab/btsigner/internal/crypto/keystore.go:178.48,183.13 4 1
github.com/bittensor-lab/btsigner/internal/crypto/keystore.go:183.13,185.3 1 1
github.com/bittensor-lab/btsigner/internal/crypto/keystore.go:188.2,188.39 1 1
github.com/bittensor-lab/btsigner/internal/crypto/keystore.go:188.39,190.3 1 0
github.com/bittensor-lab/btsigner/internal/crypto/keystore.go:193.2,195.12 2 1
github.com/bittensor-lab/btsigner/internal/crypto/keystore.go:199.48,205.13 4 1
github.com/bittensor-lab/btsigner/internal/crypto/keystore.go:205.13,207.3 1 1
github.com/bittensor-lab/btsigner/internal/crypto/keystore.go:210.2,211.43 2 1
github.com/bittensor-lab/btsigner/internal/crypto/keystore.go:211.43,213.3 1 1
github.com/bittensor-lab/btsigner/internal/crypto/keystore.go:216.2,216.44 1 1
github.com/bittensor-lab/btsigner/internal/crypto/keystore.go:216.44,217.40 1 1
github.com/bittensor-lab/btsigner/internal/crypto/keystore.go:217.40,219.4 1 0
github.com/bittensor-lab/btsigner/internal/crypto/keystore.go:220.3,220.22 1 1
github.com/bittensor-lab/btsigner/internal/crypto/keystore.go:224.2,228.26 3 1
github.com/bittensor-lab/btsigner/internal/crypto/keystore.go:232.43,237.41 4 1
github.com/bittensor-lab/btsigner/internal/crypto/keystore.go:237.41,239.3 1 1
github.com/bittensor-lab/btsigner/internal/crypto/keystore.go:241.2,241.12 1 1
github.com/bittensor-lab/btsigner/internal/crypto/keystore.go:245.67,250.13 4 1
github.com/bittensor-lab/btsigner/internal/crypto/keystore.go:250.13,252.3 1 1
github.com/bittensor-lab/btsigner/internal/crypto/keystore.go:254.2,256.16 3 1
github.com/bittensor-lab/btsigner/internal/crypto/keystore.go:256.16,258.3 1 1
github.com/bittensor-lab/btsigner/internal/crypto/keystore.go:260.2,260.30 1 1
github.com/bittensor-lab/btsigner/internal/crypto/keystore.go:264.35,269.35 4 1
github.com/bittensor-lab/btsigner/internal/crypto/keystore.go:269.35,270.40 1 1
github.com/bittensor-lab/btsigner/internal/crypto/keystore.go:270.40,272.4 1 0
github.com/bittensor-lab/btsigner/internal/crypto/keystore.go:273.3,273.22 1 1
github.com/bittensor-lab/btsigner/internal/crypto/keystore.go:276.2,276.16 1 1
github.com/bittensor-lab/btsigner/internal/crypto/keystore.go:287.219,288.14 1 1
github.com/bittensor-lab/btsigner/internal/crypto/keystore.go:288.14,290.3 1 0
github.com/bittensor-lab/btsigner/internal/crypto/keystore.go:292.2,296.53 3 1
github.com/bittensor-lab/btsigner/internal/crypto/keystore.go:296.53,298.3 1 1
github.com/bittensor-lab/btsigner/internal/crypto/keystore.go:301.2,301.40 1 1
github.com/bittensor-lab/btsigner/internal/crypto/keystore.go:301.40,303.3 1 0
github.com/bittensor-lab/btsigner/internal/crypto/keystore.go:306.2,307.16 2 1
github.com/bittensor-lab/btsigner/internal/crypto/keystore.go:307.16,309.3 1 1
github.com/bittensor-lab/btsigner/internal/crypto/keystore.go:312.2,313.16 2 1
github.com/bittensor-lab/btsigner/internal/crypto/keystore.go:313.16,315.3 1 0
github.com/bittensor-lab/btsigner/internal/crypto/keystore.go:318.2,319.68 2 1
github.com/bittensor-lab/btsigner/internal/crypto/keystore.go:319.68,321.3 1 1
github.com/bittensor-lab/btsigner/internal/crypto/keystore.go:324.2,325.49 2 1
github.com/bittensor-lab/btsigner/internal/crypto/keystore.go:325.49,328.17 2 0
github.com/bittensor-lab/btsigner/internal/crypto/keystore.go:328.17,330.4 1 0
github.com/bittensor-lab/btsigner/internal/crypto/keystore.go:331.8,334.3 1 1
github.com/bittensor-lab/btsigner/internal/crypto/keystore.go:337.2,338.66 2 1
github.com/bittensor-lab/btsigner/internal/crypto/keystore.go:338.66,340.3 1 0
github.com/bittensor-lab/btsigner/internal/crypto/keystore.go:343.2,344.9 2 1
github.com/bittensor-lab/btsigner/internal/crypto/keystore.go:344.9,346.3 1 0
github.com/bittensor-lab/btsigner/internal/crypto/keystore.go:349.2,353.16 3 1
github.com/bittensor-lab/btsigner/internal/crypto/keystore.go:353.16,355.3 1 0
github.com/bittensor-lab/btsigner/internal/crypto/keystore.go:360.2,360.32 1 1
github.com/bittensor-lab/btsigner/internal/crypto/keystore.go:360.32,362.3 1 0
github.com/bittensor-lab/btsigner/internal/crypto/keystore.go:362.8,362.39 1 1
github.com/bittensor-lab/btsigner/internal/crypto/keystore.go:362.39,364.3 1 0
github.com/bittensor-lab/btsigner/internal/crypto/keystore.go:367.2,368.16 2 1
github.com/bittensor-lab/btsigner/internal/crypto/keystore.go:368.16,370.3 1 0
github.com/bittensor-lab/btsigner/internal/crypto/keystore.go:373.2,377.87 3 1
github.com/bittensor-lab/btsigner/internal/crypto/keystore.go:377.87,379.3 1 0
github.com/bittensor-lab/btsigner/internal/crypto/keystore.go:382.2,386.42 3 1
github.com/bittensor-lab/btsigner/internal/crypto/keystore.go:386.42,388.3 1 0
github.com/bittensor-lab/btsigner/internal/crypto/keystore.go:391.2,393.21 2 1
github.com/bittensor-lab/btsigner/internal/crypto/keystore.go:397.67,400.2 1 1
github.com/bittensor-lab/btsigner/internal/crypto/keystore.go:403.121,408.47 2 0
github.com/bittensor-lab/btsigner/internal/crypto/keystore.go:408.47,410.3 1 0
github.com/bittensor-lab/btsigner/internal/crypto/keystore.go:413.2,417.16 3 0
github.com/bittensor-lab/btsigner/internal/crypto/keystore.go:417.16,419.3 1 0
github.com/bittensor-lab/btsigner/internal/crypto/keystore.go:420.2,424.16 3 0
github.com/bittensor-lab/btsigner/internal/crypto/keystore.go:424.16,426.3 1 0
github.com/bittensor-lab/btsigner/internal/crypto/keystore.go:427.2,427.15 1 0
github.com/bittensor-lab/btsigner/internal/crypto/keystore.go:427.15,428.22 1 0
github.com/bittensor-lab/btsigner/internal/crypto/keystore.go:428.22,430.4 1 0
github.com/bittensor-lab/btsigner/internal/crypto/keystore.go:434.2,434.29 1 0
github.com/bittensor-lab/btsigner/internal/crypto/keystore.go:434.29,436.3 1 0
github.com/bittensor-lab/btsigner/internal/crypto/keystore.go:438.2,446.9 6 0
github.com/bittensor-lab/btsigner/internal/crypto/keystore.go:446.9,448.3 1 0
github.com/bittensor-lab/btsigner/internal/crypto/keystore.go:450.2,450.23 1 0
github.com/bittensor-lab/btsigner/internal/crypto/keystore.go:454.121,460.16 3 1
github.com/bittensor-lab/btsigner/internal/crypto/keystore.go:460.16,462.3 1 0
github.com/bittensor-lab/btsigner/internal/crypto/keystore.go:465.2,468.16 4 1
github.com/bittensor-lab/btsigner/internal/crypto/keystore.go:468.16,470.3 1 0
github.com/bittensor-lab/btsigner/internal/crypto/keystore.go:473.2,479.21 2 1
github.com/bittensor-lab/btsigner/internal/crypto/keystore.go:483.128,486.58 2 1
github.com/bittensor-lab/btsigner/internal/crypto/keystore.go:486.58,488.3 1 0
github.com/bittensor-lab/btsigner/internal/crypto/keystore.go:490.2,491.16 2 1
github.com/bittensor-lab/btsigner/internal/crypto/keystore.go:491.16,493.3 1 0
github.com/bittensor-lab/btsigner/internal/crypto/keystore.go:494.2,498.15 3 1
github.com/bittensor-lab/btsigner/internal/crypto/keystore.go:498.15,499.22 1 1
github.com/bittensor-lab/btsigner/internal/crypto/keystore.go:499.22,501.4 1 1
github.com/bittensor-lab/btsigner/internal/crypto/keystore.go:505.2,506.16 2 1
github.com/bittensor-lab/btsigner/internal/crypto/keystore.go:506.16,508.3 1 0
github.com/bittensor-lab/btsigner/internal/crypto/keystore.go:510.2,511.16 2 1
github.com/bittensor-lab/btsigner/internal/crypto/keystore.go:511.16,513.3 1 0
github.com/bittensor-lab/btsigner/internal/crypto/keystore.go:515.2,516.59 2 1
github.com/bittensor-lab/btsigner/internal/crypto/keystore.go:516.59,518.3 1 0
github.com/bittensor-lab/btsigner/internal/crypto/keystore.go:520.2,533.16 4 1
github.com/bittensor-lab/btsigner/internal/crypto/keystore.go:533.16,535.3 1 0
github.com/bittensor-lab/btsigner/internal/crypto/keystore.go:537.2,537.39 1 1
github.com/bittensor-lab/btsigner/internal/crypto/memguard.go:13.44,18.47 4 1
github.com/bittensor-lab/btsigner/internal/crypto/memguard.go:18.47,20.3 1 1
github.com/bittensor-lab/btsigner/internal/crypto/memguard.go:21.2,21.10 1 1
github.com/bittensor-lab/btsigner/internal/crypto/memguard.go:25.38,27.2 1 1
github.com/bittensor-lab/btsigner/internal/crypto/memguard.go:30.30,31.20 1 1
github.com/bittensor-lab/btsigner/internal/crypto/memguard.go:31.20,33.3 1 1
github.com/bittensor-lab/btsigner/internal/crypto/memguard.go:36.2,36.25 1 1
github.com/bittensor-lab/btsigner/internal/crypto/memguard.go:36.25,38.3 1 1
github.com/bittensor-lab/btsigner/internal/crypto/memguard.go:39.2,39.15 1 1
github.com/bittensor-lab/btsigner/internal/crypto/sr25519.go:41.110,44.16 3 1
github.com/bittensor-lab/btsigner/internal/crypto/sr25519.go:44.16,46.3 1 1
github.com/bittensor-lab/btsigner/internal/crypto/sr25519.go:48.2,49.55 2 1
github.com/bittensor-lab/btsigner/internal/crypto/sr25519.go:49.55,51.3 1 1
github.com/bittensor-lab/btsigner/internal/crypto/sr25519.go:53.2,54.16 2 1
github.com/bittensor-lab/btsigner/internal/crypto/sr25519.go:54.16,56.3 1 0
github.com/bittensor-lab/btsigner/internal/crypto/sr25519.go:57.2,61.15 3 1
github.com/bittensor-lab/btsigner/internal/crypto/sr25519.go:61.15,62.22 1 1
github.com/bittensor-lab/btsigner/internal/crypto/sr25519.go:62.22,64.4 1 1
github.com/bittensor-lab/btsigner/internal/crypto/sr25519.go:68.2,69.16 2 1
github.com/bittensor-lab/btsigner/internal/crypto/sr25519.go:69.16,71.3 1 0
github.com/bittensor-lab/btsigner/internal/crypto/sr25519.go:73.2,74.16 2 1
github.com/bittensor-lab/btsigner/internal/crypto/sr25519.go:74.16,76.3 1 0
github.com/bittensor-lab/btsigner/internal/crypto/sr25519.go:78.2,79.16 2 1
github.com/bittensor-lab/btsigner/internal/crypto/sr25519.go:79.16,81.3 1 1
github.com/bittensor-lab/btsigner/internal/crypto/sr25519.go:82.2,82.15 1 1
github.com/bittensor-lab/btsigner/internal/crypto/sr25519.go:82.15,83.34 1 1
github.com/bittensor-lab/btsigner/internal/crypto/sr25519.go:83.34,85.4 1 1
github.com/bittensor-lab/btsigner/internal/crypto/sr25519.go:89.2,92.16 4 1
github.com/bittensor-lab/btsigner/internal/crypto/sr25519.go:92.16,94.3 1 0
github.com/bittensor-lab/btsigner/internal/crypto/sr25519.go:96.2,99.8 1 1
github.com/bittensor-lab/btsigner/internal/crypto/sr25519.go:103.46,105.2 1 1
github.com/bittensor-lab/btsigner/internal/crypto/sr25519.go:108.64,109.25 1 1
github.com/bittensor-lab/btsigner/internal/crypto/sr25519.go:109.25,111.3 1 1
github.com/bittensor-lab/btsigner/internal/crypto/sr25519.go:112.2,117.16 5 1
github.com/bittensor-lab/btsigner/internal/crypto/sr25519.go:117.16,119.3 1 0
github.com/bittensor-lab/btsigner/internal/crypto/sr25519.go:121.2,122.25 2 1
github.com/bittensor-lab/btsigner/internal/crypto/sr25519.go:126.40,127.25 1 1
github.com/bittensor-lab/btsigner/internal/crypto/sr25519.go:127.25,129.34 2 1
github.com/bittensor-lab/btsigner/internal/crypto/sr25519.go:129.34,131.4 1 1
github.com/bittensor-lab/btsigner/internal/crypto/sr25519.go:132.3,132.21 1 1
github.com/bittensor-lab/btsigner/internal/crypto/sr25519.go:135.2,135.31 1 1
github.com/bittensor-lab/btsigner/internal/crypto/sr25519.go:135.31,136.37 1 1
github.com/bittensor-lab/btsigner/internal/crypto/sr25519.go:136.37,138.4 1 1
github.com/bittensor-lab/btsigner/internal/crypto/sr25519.go:139.3,139.27 1 1
github.com/bittensor-lab/btsigner/internal/crypto/sr25519.go:141.2,141.12 1 1
github.com/bittensor-lab/btsigner/internal/crypto/sr25519.go:145.107,148.16 2 1
github.com/bittensor-lab/btsigner/internal/crypto/sr25519.go:148.16,150.3 1 0
github.com/bittensor-lab/btsigner/internal/crypto/sr25519.go:153.2,160.58 4 1
github.com/bittensor-lab/btsigner/internal/crypto/sr25519.go:160.58,162.3 1 0
github.com/bittensor-lab/btsigner/internal/crypto/sr25519.go:164.2,165.16 2 1
github.com/bittensor-lab/btsigner/internal/crypto/sr25519.go:165.16,167.3 1 0
github.com/bittensor-lab/btsigner/internal/crypto/sr25519.go:168.2,172.15 3 1
github.com/bittensor-lab/btsigner/internal/crypto/sr25519.go:172.15,173.22 1 1
github.com/bittensor-lab/btsigner/internal/crypto/sr25519.go:173.22,175.4 1 1
github.com/bittensor-lab/btsigner/internal/crypto/sr25519.go:179.2,180.16 2 1
github.com/bittensor-lab/btsigner/internal/crypto/sr25519.go:180.16,182.3 1 0
github.com/bittensor-lab/btsigner/internal/crypto/sr25519.go:184.2,185.16 2 1
github.com/bittensor-lab/btsigner/internal/crypto/sr25519.go:185.16,187.3 1 0
github.com/bittensor-lab/btsigner/internal/crypto/sr25519.go:189.2,190.59 2 1
github.com/bittensor-lab/btsigner/internal/crypto/sr25519.go:190.59,192.3 1 0
github.com/bittensor-lab/btsigner/internal/crypto/sr25519.go:194.2,207.16 4 1
github.com/bittensor-lab/btsigner/internal/crypto/sr25519.go:207.16,209.3 1 0
github.com/bittensor-lab/btsigner/internal/crypto/sr25519.go:211.2,211.55 1 1
github.com/bittensor-lab/btsigner/internal/crypto/sr25519.go:211.55,213.3 1 1
github.com/bittensor-lab/btsigner/internal/crypto/sr25519.go:215.2,218.8 1 1
github.com/bittensor-lab/btsigner/internal/crypto/ss58.go:20.56,21.26 1 1
github.com/bittensor-lab/btsigner/internal/crypto/ss58.go:21.26,23.3 1 1
github.com/bittensor-lab/btsigner/internal/crypto/ss58.go:26.2,38.21 9 1
github.com/bittensor-lab/btsigner/internal/crypto/ss58.go:42.37,45.2 2 1
github.com/bittensor-lab/btsigner/internal/crypto/ss58.go:51.39,60.22 5 1
github.com/bittensor-lab/btsigner/internal/crypto/ss58.go:60.22,64.3 3 1
github.com/bittensor-lab/btsigner/internal/crypto/ss58.go:67.2,67.25 1 1
github.com/bittensor-lab/btsigner/internal/crypto/ss58.go:67.25,68.13 1 1
github.com/bittensor-lab/btsigner/internal/crypto/ss58.go:68.13,69.9 1 1
github.com/bittensor-lab/btsigner/internal/crypto/ss58.go:71.3,71.45 1 0
github.com/bittensor-lab/btsigner/internal/crypto/ss58.go:75.2,75.55 1 1
github.com/bittensor-lab/btsigner/internal/crypto/ss58.go:75.55,77.3 1 1
github.com/bittensor-lab/btsigner/internal/crypto/ss58.go:79.2,79.23 1 1
github.com/bittensor-lab/btsigner/pkg/client/client.go:32.44,38.2 1 1
github.com/bittensor-lab/btsigner/pkg/client/client.go:48.66,51.21 2 1
github.com/bittensor-lab/btsigner/pkg/client/client.go:51.21,54.24 2 1
github.com/bittensor-lab/btsigner/pkg/client/client.go:54.24,56.18 2 1
github.com/bittensor-lab/btsigner/pkg/client/client.go:56.18,58.5 1 1
github.com/bittensor-lab/btsigner/pkg/client/client.go:60.4,61.44 2 1
github.com/bittensor-lab/btsigner/pkg/client/client.go:61.44,63.5 1 1
github.com/bittensor-lab/btsigner/pkg/client/client.go:65.4,65.32 1 1
github.com/bittensor-lab/btsigner/pkg/client/client.go:68.3,68.26 1 1
github.com/bittensor-lab/btsigner/pkg/client/client.go:68.26,70.18 2 1
github.com/bittensor-lab/btsigner/pkg/client/client.go:70.18,72.5 1 1
github.com/bittensor-lab/btsigner/pkg/client/client.go:73.4,73.52 1 1
github.com/bittensor-lab/btsigner/pkg/client/client.go:76.3,76.36 1 1
github.com/bittensor-lab/btsigner/pkg/client/client.go:76.36,78.4 1 1
github.com/bittensor-lab/btsigner/pkg/client/client.go:80.3,81.68 2 1
github.com/bittensor-lab/btsigner/pkg/client/client.go:82.8,84.3 1 1
github.com/bittensor-lab/btsigner/pkg/client/client.go:86.2,87.16 2 1
github.com/bittensor-lab/btsigner/pkg/client/client.go:87.16,89.3 1 0
github.com/bittensor-lab/btsigner/pkg/client/client.go:91.2,97.8 2 1
github.com/bittensor-lab/btsigner/pkg/client/client.go:101.82,106.16 4 1
github.com/bittensor-lab/btsigner/pkg/client/client.go:106.16,108.3 1 1
github.com/bittensor-lab/btsigner/pkg/client/client.go:110.2,110.46 1 1
github.com/bittensor-lab/btsigner/pkg/client/client.go:114.91,121.16 4 1
github.com/bittensor-lab/btsigner/pkg/client/client.go:121.16,123.3 1 1
github.com/bittensor-lab/btsigner/pkg/client/client.go:125.2,125.28 1 1
github.com/bittensor-lab/btsigner/pkg/client/client.go:129.112,138.16 4 1
github.com/bittensor-lab/btsigner/pkg/client/client.go:138.16,140.3 1 1
github.com/bittensor-lab/btsigner/pkg/client/client.go:142.2,142.28 1 1
github.com/bittensor-lab/btsigner/pkg/client/client.go:146.63,151.16 4 1
github.com/bittensor-lab/btsigner/pkg/client/client.go:151.16,153.3 1 1
github.com/bittensor-lab/btsigner/pkg/client/client.go:155.2,155.12 1 1
github.com/bittensor-lab/btsigner/pkg/client/client.go:159.38,160.19 1 1
github.com/bittensor-lab/btsigner/pkg/client/client.go:160.19,162.3 1 1
github.com/bittensor-lab/btsigner/pkg/client/client.go:163.2,163.12 1 1
github.com/bittensor-lab/btsigner/pkg/server/health.go:18.38,22.2 1 1
github.com/bittensor-lab/btsigner/pkg/server/health.go:25.136,32.2 3 1
github.com/bittensor-lab/btsigner/pkg/server/health.go:35.98,40.2 3 1
github.com/bittensor-lab/btsigner/pkg/server/server.go:41.90,47.2 1 1
github.com/bittensor-lab/btsigner/pkg/server/server.go:50.30,53.16 2 0
github.com/bittensor-lab/btsigner/pkg/server/server.go:53.16,55.3 1 0
github.com/bittensor-lab/btsigner/pkg/server/server.go:58.2,66.26 3 0
github.com/bittensor-lab/btsigner/pkg/server/server.go:66.26,68.17 2 0
github.com/bittensor-lab/btsigner/pkg/server/server.go:68.17,70.4 1 0
github.com/bittensor-lab/btsigner/pkg/server/server.go:72.3,79.41 2 0
github.com/bittensor-lab/btsigner/pkg/server/server.go:83.2,93.32 7 0
github.com/bittensor-lab/btsigner/pkg/server/server.go:97.33,100.2 2 0
github.com/bittensor-lab/btsigner/pkg/server/server.go:103.104,105.16 2 1
github.com/bittensor-lab/btsigner/pkg/server/server.go:105.16,108.3 2 1
github.com/bittensor-lab/btsigner/pkg/server/server.go:111.2,112.51 2 1
github.com/bittensor-lab/btsigner/pkg/server/server.go:112.51,117.3 2 1
github.com/bittensor-lab/btsigner/pkg/server/server.go:119.2,123.8 1 1
github.com/bittensor-lab/btsigner/pkg/server/server.go:127.123,128.21 1 1
github.com/bittensor-lab/btsigner/pkg/server/server.go:128.21,130.3 1 1
github.com/bittensor-lab/btsigner/pkg/server/server.go:133.2,134.9 2 1
github.com/bittensor-lab/btsigner/pkg/server/server.go:134.9,136.3 1 1
github.com/bittensor-lab/btsigner/pkg/server/server.go:138.2,139.16 2 1
github.com/bittensor-lab/btsigner/pkg/server/server.go:139.16,144.3 2 0
github.com/bittensor-lab/btsigner/pkg/server/server.go:146.2,154.8 2 1
github.com/bittensor-lab/btsigner/pkg/server/server.go:158.118,159.27 1 1
github.com/bittensor-lab/btsigner/pkg/server/server.go:159.27,162.3 2 1
github.com/bittensor-lab/btsigner/pkg/server/server.go:165.2,166.51 2 1
github.com/bittensor-lab/btsigner/pkg/server/server.go:166.51,169.3 2 1
github.com/bittensor-lab/btsigner/pkg/server/server.go:172.2,173.16 2 1
github.com/bittensor-lab/btsigner/pkg/server/server.go:173.16,176.3 2 1
github.com/bittensor-lab/btsigner/pkg/server/server.go:178.2,181.8 1 1
github.com/bittensor-lab/btsigner/pkg/server/server.go:185.132,186.27 1 1
github.com/bittensor-lab/btsigner/pkg/server/server.go:186.27,189.3 2 1
github.com/bittensor-lab/btsigner/pkg/server/server.go:191.2,191.21 1 1
github.com/bittensor-lab/btsigner/pkg/server/server.go:191.21,194.3 2 1
github.com/bittensor-lab/btsigner/pkg/server/server.go:197.2,198.9 2 1
github.com/bittensor-lab/btsigner/pkg/server/server.go:198.9,200.3 1 1
github.com/bittensor-lab/btsigner/pkg/server/server.go:202.2,204.16 3 1
github.com/bittensor-lab/btsigner/pkg/server/server.go:204.16,209.3 2 0
github.com/bittensor-lab/btsigner/pkg/server/server.go:211.2,214.8 1 1
github.com/bittensor-lab/btsigner/pkg/server/server.go:218.96,221.9 2 1
github.com/bittensor-lab/btsigner/pkg/server/server.go:221.9,227.3 1 1
github.com/bittensor-lab/btsigner/pkg/server/server.go:229.2,239.8 4 1
github.com/bittensor-lab/btsigner/pkg/server/server.go:243.88,245.2 1 1
github.com/bittensor-lab/btsigner/pkg/signer/keystore_signer.go:24.70,26.16 2 1
github.com/bittensor-lab/btsigner/pkg/signer/keystore_signer.go:26.16,28.3 1 0
github.com/bittensor-lab/btsigner/pkg/signer/keystore_signer.go:30.2,32.8 1 1
github.com/bittensor-lab/btsigner/pkg/signer/keystore_signer.go:36.53,40.2 3 1
github.com/bittensor-lab/btsigner/pkg/signer/keystore_signer.go:43.48,47.2 3 1
github.com/bittensor-lab/btsigner/pkg/signer/keystore_signer.go:50.68,51.71 1 1
github.com/bittensor-lab/btsigner/pkg/signer/keystore_signer.go:51.71,53.3 1 1
github.com/bittensor-lab/btsigner/pkg/signer/keystore_signer.go:54.2,54.16 1 1
github.com/bittensor-lab/btsigner/pkg/signer/keystore_signer.go:54.16,56.3 1 1
github.com/bittensor-lab/btsigner/pkg/signer/keystore_signer.go:59.2,60.26 2 1
github.com/bittensor-lab/btsigner/pkg/signer/keystore_signer.go:60.26,62.3 1 0
github.com/bittensor-lab/btsigner/pkg/signer/keystore_signer.go:63.2,65.12 2 1
github.com/bittensor-lab/btsigner/pkg/signer/keystore_signer.go:69.72,70.75 1 1
github.com/bittensor-lab/btsigner/pkg/signer/keystore_signer.go:70.75,72.3 1 1
github.com/bittensor-lab/btsigner/pkg/signer/keystore_signer.go:73.2,73.16 1 1
github.com/bittensor-lab/btsigner/pkg/signer/keystore_signer.go:73.16,75.3 1 0
github.com/bittensor-lab/btsigner/pkg/signer/keystore_signer.go:78.2,79.26 2 1
github.com/bittensor-lab/btsigner/pkg/signer/keystore_signer.go:79.26,81.3 1 1
github.com/bittensor-lab/btsigner/pkg/signer/keystore_signer.go:82.2,84.12 2 1
github.com/bittensor-lab/btsigner/pkg/signer/keystore_signer.go:88.145,90.39 1 0
github.com/bittensor-lab/btsigner/pkg/signer/keystore_signer.go:90.39,92.4 1 0
github.com/bittensor-lab/btsigner/pkg/signer/keystore_signer.go:93.39,95.4 1 0
github.com/bittensor-lab/btsigner/pkg/signer/keystore_signer.go:96.2,96.16 1 0
github.com/bittensor-lab/btsigner/pkg/signer/keystore_signer.go:96.16,98.3 1 0
github.com/bittensor-lab/btsigner/pkg/signer/keystore_signer.go:101.2,102.26 2 0
github.com/bittensor-lab/btsigner/pkg/signer/keystore_signer.go:102.26,104.3 1 0
github.com/bittensor-lab/btsigner/pkg/signer/keystore_signer.go:105.2,107.12 2 0
github.com/bittensor-lab/btsigner/pkg/signer/keystore_signer.go:111.53,113.2 1 1
github.com/bittensor-lab/btsigner/pkg/signer/keystore_signer.go:116.53,118.2 1 1
github.com/bittensor-lab/btsigner/pkg/signer/keystore_signer.go:121.48,123.2 1 1
github.com/bittensor-lab/btsigner/pkg/signer/keystore_signer.go:126.65,131.24 4 1
github.com/bittensor-lab/btsigner/pkg/signer/keystore_signer.go:131.24,133.3 1 1
github.com/bittensor-lab/btsigner/pkg/signer/keystore_signer.go:135.2,135.41 1 1
github.com/bittensor-lab/btsigner/pkg/signer/keystore_signer.go:139.78,141.2 1 1
github.com/bittensor-lab/btsigner/pkg/signer/keystore_signer.go:144.84,149.24 4 1
github.com/bittensor-lab/btsigner/pkg/signer/keystore_signer.go:149.24,151.3 1 1
github.com/bittensor-lab/btsigner/pkg/signer/keystore_signer.go:153.2,153.50 1 1
github.com/bittensor-lab/btsigner/pkg/signer/keystore_signer.go:157.102,158.23 1 1
github.com/bittensor-lab/btsigner/pkg/signer/keystore_signer.go:158.23,160.3 1 1
github.com/bittensor-lab/btsigner/pkg/signer/keystore_signer.go:163.2,163.9 1 1
github.com/bittensor-lab/btsigner/pkg/signer/keystore_signer.go:164.20,165.24 1 0
github.com/bittensor-lab/btsigner/pkg/signer/keystore_signer.go:166.10,166.10 0 1
github.com/bittensor-lab/btsigner/pkg/signer/keystore_signer.go:170.2,171.16 2 1
github.com/bittensor-lab/btsigner/pkg/signer/keystore_signer.go:171.16,173.3 1 1
github.com/bittensor-lab/btsigner/pkg/signer/keystore_signer.go:176.2,177.16 2 1
github.com/bittensor-lab/btsigner/pkg/signer/keystore_signer.go:177.16,179.3 1 0
github.com/bittensor-lab/btsigner/pkg/signer/keystore_signer.go:181.2,181.23 1 1
github.com/bittensor-lab/btsigner/pkg/signer/keystore_signer.go:185.40,187.2 1 1
github.com/bittensor-lab/btsigner/pkg/signer/signer.go:34.80,35.89 1 1
github.com/bittensor-lab/btsigner/pkg/signer/signer.go:35.89,37.3 1 1
github.com/bittensor-lab/btsigner/pkg/signer/signer.go:38.2,38.16 1 1
github.com/bittensor-lab/btsigner/pkg/signer/signer.go:38.16,40.3 1 0
github.com/bittensor-lab/btsigner/pkg/signer/signer.go:42.2,44.8 1 1
github.com/bittensor-lab/btsigner/pkg/signer/signer.go:48.64,49.22 1 1
github.com/bittensor-lab/btsigner/pkg/signer/signer.go:49.22,51.3 1 0
github.com/bittensor-lab/btsigner/pkg/signer/signer.go:53.2,55.16 3 1
github.com/bittensor-lab/btsigner/pkg/signer/signer.go:55.16,57.3 1 0
github.com/bittensor-lab/btsigner/pkg/signer/signer.go:59.2,59.30 1 1
github.com/bittensor-lab/btsigner/pkg/signer/signer.go:63.83,64.22 1 1
github.com/bittensor-lab/btsigner/pkg/signer/signer.go:64.22,66.3 1 0
github.com/bittensor-lab/btsigner/pkg/signer/signer.go:68.2,68.23 1 1
github.com/bittensor-lab/btsigner/pkg/signer/signer.go:68.23,70.3 1 1
github.com/bittensor-lab/btsigner/pkg/signer/signer.go:73.2,73.9 1 1
github.com/bittensor-lab/btsigner/pkg/signer/signer.go:74.20,75.24 1 1
github.com/bittensor-lab/btsigner/pkg/signer/signer.go:76.10,76.10 0 1
github.com/bittensor-lab/btsigner/pkg/signer/signer.go:79.2,80.16 2 1
github.com/bittensor-lab/btsigner/pkg/signer/signer.go:80.16,82.3 1 0
github.com/bittensor-lab/btsigner/pkg/signer/signer.go:84.2,84.23 1 1
github.com/bittensor-lab/btsigner/pkg/signer/signer.go:88.39,89.22 1 1
github.com/bittensor-lab/btsigner/pkg/signer/signer.go:89.22,91.3 1 1
github.com/bittensor-lab/btsigner/pkg/signer/signer.go:92.2,92.12 1 1
